2025-06-23T18:59:45.553+05:30  INFO 19428 --- [rosebeauticare] [restartedMain] c.r.r.RosebeauticareApplication          : Starting RosebeauticareApplication using Java 17.0.12 with PID 19428 (L:\RoseBeautiCare\RoseBeautiCare-Backend\rosebeauticare\target\classes started by Thila in L:\RoseBeautiCare\RoseBeautiCare-Backend\rosebeauticare)
2025-06-23T18:59:45.562+05:30 DEBUG 19428 --- [rosebeauticare] [restartedMain] c.r.r.RosebeauticareApplication          : Running with Spring Boot v3.4.6, Spring v6.2.7
2025-06-23T18:59:45.563+05:30  INFO 19428 --- [rosebeauticare] [restartedMain] c.r.r.RosebeauticareApplication          : No active profile set, falling back to 1 default profile: "default"
2025-06-23T18:59:45.620+05:30  INFO 19428 --- [rosebeauticare] [restartedMain] .e.DevToolsPropertyDefaultsPostProcessor : Devtools property defaults active! Set 'spring.devtools.add-properties' to 'false' to disable
2025-06-23T18:59:45.621+05:30  INFO 19428 --- [rosebeauticare] [restartedMain] .e.DevToolsPropertyDefaultsPostProcessor : For additional web related logging consider setting the 'logging.level.web' property to 'DEBUG'
2025-06-23T18:59:46.267+05:30  INFO 19428 --- [rosebeauticare] [restartedMain] .s.d.r.c.RepositoryConfigurationDelegate : Bootstrapping Spring Data MongoDB repositories in DEFAULT mode.
2025-06-23T18:59:46.358+05:30  INFO 19428 --- [rosebeauticare] [restartedMain] .s.d.r.c.RepositoryConfigurationDelegate : Finished Spring Data repository scanning in 80 ms. Found 4 MongoDB repository interfaces.
2025-06-23T18:59:46.872+05:30  INFO 19428 --- [rosebeauticare] [restartedMain] o.s.b.w.embedded.tomcat.TomcatWebServer  : Tomcat initialized with port 8080 (http)
2025-06-23T18:59:46.884+05:30  INFO 19428 --- [rosebeauticare] [restartedMain] o.apache.catalina.core.StandardService   : Starting service [Tomcat]
2025-06-23T18:59:46.884+05:30  INFO 19428 --- [rosebeauticare] [restartedMain] o.apache.catalina.core.StandardEngine    : Starting Servlet engine: [Apache Tomcat/10.1.41]
2025-06-23T18:59:46.917+05:30  INFO 19428 --- [rosebeauticare] [restartedMain] o.a.c.c.C.[Tomcat].[localhost].[/]       : Initializing Spring embedded WebApplicationContext
2025-06-23T18:59:46.918+05:30  INFO 19428 --- [rosebeauticare] [restartedMain] w.s.c.ServletWebServerApplicationContext : Root WebApplicationContext: initialization completed in 1295 ms
2025-06-23T18:59:46.969+05:30 DEBUG 19428 --- [rosebeauticare] [restartedMain] c.r.r.Security.JwtAuthenticationFilter   : Filter 'jwtAuthenticationFilter' configured for use
2025-06-23T18:59:47.185+05:30  INFO 19428 --- [rosebeauticare] [restartedMain] org.mongodb.driver.client                : MongoClient with metadata {"application": {"name": "RoseBeautiCare"}, "driver": {"name": "mongo-java-driver|sync|spring-boot", "version": "5.2.1"}, "os": {"type": "Windows", "name": "Windows 11", "architecture": "amd64", "version": "10.0"}, "platform": "Java/Oracle Corporation/17.0.12+8-LTS-286"} created with settings MongoClientSettings{readPreference=primary, writeConcern=WriteConcern{w=majority, wTimeout=null ms, journal=null}, retryWrites=true, retryReads=true, readConcern=ReadConcern{level=null}, credential=MongoCredential{mechanism=null, userName='rosebeauticare', source='admin', password=<hidden>, mechanismProperties=<hidden>}, transportSettings=null, commandListeners=[], codecRegistry=ProvidersCodecRegistry{codecProviders=[ValueCodecProvider{}, BsonValueCodecProvider{}, DBRefCodecProvider{}, DBObjectCodecProvider{}, DocumentCodecProvider{}, CollectionCodecProvider{}, IterableCodecProvider{}, MapCodecProvider{}, GeoJsonCodecProvider{}, GridFSFileCodecProvider{}, Jsr310CodecProvider{}, JsonObjectCodecProvider{}, BsonCodecProvider{}, EnumCodecProvider{}, com.mongodb.client.model.mql.ExpressionCodecProvider@5adbc27f, com.mongodb.Jep395RecordCodecProvider@2a06e204, com.mongodb.KotlinCodecProvider@4b974cdb]}, loggerSettings=LoggerSettings{maxDocumentLength=1000}, clusterSettings={hosts=[127.0.0.1:27017], srvHost=rosebeauticare.jjndu3d.mongodb.net, srvServiceName=mongodb, mode=MULTIPLE, requiredClusterType=REPLICA_SET, requiredReplicaSetName='atlas-woiqe8-shard-0', serverSelector='null', clusterListeners='[]', serverSelectionTimeout='30000 ms', localThreshold='15 ms'}, socketSettings=SocketSettings{connectTimeoutMS=10000, readTimeoutMS=0, receiveBufferSize=0, proxySettings=ProxySettings{host=null, port=null, username=null, password=null}}, heartbeatSocketSettings=SocketSettings{connectTimeoutMS=10000, readTimeoutMS=10000, receiveBufferSize=0, proxySettings=ProxySettings{host=null, port=null, username=null, password=null}}, connectionPoolSettings=ConnectionPoolSettings{maxSize=100, minSize=0, maxWaitTimeMS=120000, maxConnectionLifeTimeMS=0, maxConnectionIdleTimeMS=0, maintenanceInitialDelayMS=0, maintenanceFrequencyMS=60000, connectionPoolListeners=[], maxConnecting=2}, serverSettings=ServerSettings{heartbeatFrequencyMS=10000, minHeartbeatFrequencyMS=500, serverMonitoringMode=AUTO, serverListeners='[]', serverMonitorListeners='[]'}, sslSettings=SslSettings{enabled=true, invalidHostNameAllowed=false, context=null}, applicationName='RoseBeautiCare', compressorList=[], uuidRepresentation=JAVA_LEGACY, serverApi=null, autoEncryptionSettings=null, dnsClient=null, inetAddressResolver=null, contextProvider=null, timeoutMS=null}
2025-06-23T18:59:47.207+05:30  INFO 19428 --- [rosebeauticare] [cluster-ClusterId{value='685956cbd7aeb419fcf5d23b', description='RoseBeautiCare'}-srv-rosebeauticare.jjndu3d.mongodb.net] org.mongodb.driver.cluster               : Adding discovered server ac-h1gys6c-shard-00-00.jjndu3d.mongodb.net:27017 to client view of cluster
2025-06-23T18:59:47.231+05:30  INFO 19428 --- [rosebeauticare] [cluster-ClusterId{value='685956cbd7aeb419fcf5d23b', description='RoseBeautiCare'}-srv-rosebeauticare.jjndu3d.mongodb.net] org.mongodb.driver.cluster               : Adding discovered server ac-h1gys6c-shard-00-01.jjndu3d.mongodb.net:27017 to client view of cluster
2025-06-23T18:59:47.233+05:30  INFO 19428 --- [rosebeauticare] [cluster-ClusterId{value='685956cbd7aeb419fcf5d23b', description='RoseBeautiCare'}-srv-rosebeauticare.jjndu3d.mongodb.net] org.mongodb.driver.cluster               : Adding discovered server ac-h1gys6c-shard-00-02.jjndu3d.mongodb.net:27017 to client view of cluster
2025-06-23T18:59:47.242+05:30  WARN 19428 --- [rosebeauticare] [restartedMain] ConfigServletWebServerApplicationContext : Exception encountered during context initialization - cancelling refresh attempt: org.springframework.beans.factory.UnsatisfiedDependencyException: Error creating bean with name 'adminController': Unsatisfied dependency expressed through field 'staffService': Error creating bean with name 'staffService': Unsatisfied dependency expressed through field 'staffRepository': Error creating bean with name 'staffRepository' defined in com.rosebeauticare.rosebeauticare.Repository.StaffRepository defined in @EnableMongoRepositories declared on MongoRepositoriesRegistrar.EnableMongoRepositoriesConfiguration: Cannot resolve reference to bean 'mongoTemplate' while setting bean property 'mongoOperations'
2025-06-23T18:59:47.247+05:30  INFO 19428 --- [rosebeauticare] [restartedMain] o.apache.catalina.core.StandardService   : Stopping service [Tomcat]
2025-06-23T18:59:47.261+05:30  INFO 19428 --- [rosebeauticare] [restartedMain] .s.b.a.l.ConditionEvaluationReportLogger : 

Error starting ApplicationContext. To display the condition evaluation report re-run your application with 'debug' enabled.
2025-06-23T18:59:47.278+05:30 ERROR 19428 --- [rosebeauticare] [restartedMain] o.s.boot.SpringApplication               : Application run failed

org.springframework.beans.factory.UnsatisfiedDependencyException: Error creating bean with name 'adminController': Unsatisfied dependency expressed through field 'staffService': Error creating bean with name 'staffService': Unsatisfied dependency expressed through field 'staffRepository': Error creating bean with name 'staffRepository' defined in com.rosebeauticare.rosebeauticare.Repository.StaffRepository defined in @EnableMongoRepositories declared on MongoRepositoriesRegistrar.EnableMongoRepositoriesConfiguration: Cannot resolve reference to bean 'mongoTemplate' while setting bean property 'mongoOperations'
	at org.springframework.beans.factory.annotation.AutowiredAnnotationBeanPostProcessor$AutowiredFieldElement.resolveFieldValue(AutowiredAnnotationBeanPostProcessor.java:788) ~[spring-beans-6.2.7.jar:6.2.7]
	at org.springframework.beans.factory.annotation.AutowiredAnnotationBeanPostProcessor$AutowiredFieldElement.inject(AutowiredAnnotationBeanPostProcessor.java:768) ~[spring-beans-6.2.7.jar:6.2.7]
	at org.springframework.beans.factory.annotation.InjectionMetadata.inject(InjectionMetadata.java:146) ~[spring-beans-6.2.7.jar:6.2.7]
	at org.springframework.beans.factory.annotation.AutowiredAnnotationBeanPostProcessor.postProcessProperties(AutowiredAnnotationBeanPostProcessor.java:509) ~[spring-beans-6.2.7.jar:6.2.7]
	at org.springframework.beans.factory.support.AbstractAutowireCapableBeanFactory.populateBean(AbstractAutowireCapableBeanFactory.java:1459) ~[spring-beans-6.2.7.jar:6.2.7]
	at org.springframework.beans.factory.support.AbstractAutowireCapableBeanFactory.doCreateBean(AbstractAutowireCapableBeanFactory.java:606) ~[spring-beans-6.2.7.jar:6.2.7]
	at org.springframework.beans.factory.support.AbstractAutowireCapableBeanFactory.createBean(AbstractAutowireCapableBeanFactory.java:529) ~[spring-beans-6.2.7.jar:6.2.7]
	at org.springframework.beans.factory.support.AbstractBeanFactory.lambda$doGetBean$0(AbstractBeanFactory.java:339) ~[spring-beans-6.2.7.jar:6.2.7]
	at org.springframework.beans.factory.support.DefaultSingletonBeanRegistry.getSingleton(DefaultSingletonBeanRegistry.java:373) ~[spring-beans-6.2.7.jar:6.2.7]
	at org.springframework.beans.factory.support.AbstractBeanFactory.doGetBean(AbstractBeanFactory.java:337) ~[spring-beans-6.2.7.jar:6.2.7]
	at org.springframework.beans.factory.support.AbstractBeanFactory.getBean(AbstractBeanFactory.java:202) ~[spring-beans-6.2.7.jar:6.2.7]
	at org.springframework.beans.factory.support.DefaultListableBeanFactory.instantiateSingleton(DefaultListableBeanFactory.java:1222) ~[spring-beans-6.2.7.jar:6.2.7]
	at org.springframework.beans.factory.support.DefaultListableBeanFactory.preInstantiateSingleton(DefaultListableBeanFactory.java:1188) ~[spring-beans-6.2.7.jar:6.2.7]
	at org.springframework.beans.factory.support.DefaultListableBeanFactory.preInstantiateSingletons(DefaultListableBeanFactory.java:1123) ~[spring-beans-6.2.7.jar:6.2.7]
	at org.springframework.context.support.AbstractApplicationContext.finishBeanFactoryInitialization(AbstractApplicationContext.java:987) ~[spring-context-6.2.7.jar:6.2.7]
	at org.springframework.context.support.AbstractApplicationContext.refresh(AbstractApplicationContext.java:627) ~[spring-context-6.2.7.jar:6.2.7]
	at org.springframework.boot.web.servlet.context.ServletWebServerApplicationContext.refresh(ServletWebServerApplicationContext.java:146) ~[spring-boot-3.4.6.jar:3.4.6]
	at org.springframework.boot.SpringApplication.refresh(SpringApplication.java:753) ~[spring-boot-3.4.6.jar:3.4.6]
	at org.springframework.boot.SpringApplication.refreshContext(SpringApplication.java:439) ~[spring-boot-3.4.6.jar:3.4.6]
	at org.springframework.boot.SpringApplication.run(SpringApplication.java:318) ~[spring-boot-3.4.6.jar:3.4.6]
	at org.springframework.boot.SpringApplication.run(SpringApplication.java:1362) ~[spring-boot-3.4.6.jar:3.4.6]
	at org.springframework.boot.SpringApplication.run(SpringApplication.java:1351) ~[spring-boot-3.4.6.jar:3.4.6]
	at com.rosebeauticare.rosebeauticare.RosebeauticareApplication.main(RosebeauticareApplication.java:10) ~[classes/:na]
	at java.base/jdk.internal.reflect.NativeMethodAccessorImpl.invoke0(Native Method) ~[na:na]
	at java.base/jdk.internal.reflect.NativeMethodAccessorImpl.invoke(NativeMethodAccessorImpl.java:77) ~[na:na]
	at java.base/jdk.internal.reflect.DelegatingMethodAccessorImpl.invoke(DelegatingMethodAccessorImpl.java:43) ~[na:na]
	at java.base/java.lang.reflect.Method.invoke(Method.java:568) ~[na:na]
	at org.springframework.boot.devtools.restart.RestartLauncher.run(RestartLauncher.java:50) ~[spring-boot-devtools-3.4.6.jar:3.4.6]
Caused by: org.springframework.beans.factory.UnsatisfiedDependencyException: Error creating bean with name 'staffService': Unsatisfied dependency expressed through field 'staffRepository': Error creating bean with name 'staffRepository' defined in com.rosebeauticare.rosebeauticare.Repository.StaffRepository defined in @EnableMongoRepositories declared on MongoRepositoriesRegistrar.EnableMongoRepositoriesConfiguration: Cannot resolve reference to bean 'mongoTemplate' while setting bean property 'mongoOperations'
	at org.springframework.beans.factory.annotation.AutowiredAnnotationBeanPostProcessor$AutowiredFieldElement.resolveFieldValue(AutowiredAnnotationBeanPostProcessor.java:788) ~[spring-beans-6.2.7.jar:6.2.7]
	at org.springframework.beans.factory.annotation.AutowiredAnnotationBeanPostProcessor$AutowiredFieldElement.inject(AutowiredAnnotationBeanPostProcessor.java:768) ~[spring-beans-6.2.7.jar:6.2.7]
	at org.springframework.beans.factory.annotation.InjectionMetadata.inject(InjectionMetadata.java:146) ~[spring-beans-6.2.7.jar:6.2.7]
	at org.springframework.beans.factory.annotation.AutowiredAnnotationBeanPostProcessor.postProcessProperties(AutowiredAnnotationBeanPostProcessor.java:509) ~[spring-beans-6.2.7.jar:6.2.7]
	at org.springframework.beans.factory.support.AbstractAutowireCapableBeanFactory.populateBean(AbstractAutowireCapableBeanFactory.java:1459) ~[spring-beans-6.2.7.jar:6.2.7]
	at org.springframework.beans.factory.support.AbstractAutowireCapableBeanFactory.doCreateBean(AbstractAutowireCapableBeanFactory.java:606) ~[spring-beans-6.2.7.jar:6.2.7]
	at org.springframework.beans.factory.support.AbstractAutowireCapableBeanFactory.createBean(AbstractAutowireCapableBeanFactory.java:529) ~[spring-beans-6.2.7.jar:6.2.7]
	at org.springframework.beans.factory.support.AbstractBeanFactory.lambda$doGetBean$0(AbstractBeanFactory.java:339) ~[spring-beans-6.2.7.jar:6.2.7]
	at org.springframework.beans.factory.support.DefaultSingletonBeanRegistry.getSingleton(DefaultSingletonBeanRegistry.java:373) ~[spring-beans-6.2.7.jar:6.2.7]
	at org.springframework.beans.factory.support.AbstractBeanFactory.doGetBean(AbstractBeanFactory.java:337) ~[spring-beans-6.2.7.jar:6.2.7]
	at org.springframework.beans.factory.support.AbstractBeanFactory.getBean(AbstractBeanFactory.java:202) ~[spring-beans-6.2.7.jar:6.2.7]
	at org.springframework.beans.factory.support.DefaultListableBeanFactory.doResolveDependency(DefaultListableBeanFactory.java:1682) ~[spring-beans-6.2.7.jar:6.2.7]
	at org.springframework.beans.factory.support.DefaultListableBeanFactory.resolveDependency(DefaultListableBeanFactory.java:1628) ~[spring-beans-6.2.7.jar:6.2.7]
	at org.springframework.beans.factory.annotation.AutowiredAnnotationBeanPostProcessor$AutowiredFieldElement.resolveFieldValue(AutowiredAnnotationBeanPostProcessor.java:785) ~[spring-beans-6.2.7.jar:6.2.7]
	... 27 common frames omitted
Caused by: org.springframework.beans.factory.BeanCreationException: Error creating bean with name 'staffRepository' defined in com.rosebeauticare.rosebeauticare.Repository.StaffRepository defined in @EnableMongoRepositories declared on MongoRepositoriesRegistrar.EnableMongoRepositoriesConfiguration: Cannot resolve reference to bean 'mongoTemplate' while setting bean property 'mongoOperations'
	at org.springframework.beans.factory.support.BeanDefinitionValueResolver.resolveReference(BeanDefinitionValueResolver.java:377) ~[spring-beans-6.2.7.jar:6.2.7]
	at org.springframework.beans.factory.support.BeanDefinitionValueResolver.resolveValueIfNecessary(BeanDefinitionValueResolver.java:135) ~[spring-beans-6.2.7.jar:6.2.7]
	at org.springframework.beans.factory.support.AbstractAutowireCapableBeanFactory.applyPropertyValues(AbstractAutowireCapableBeanFactory.java:1725) ~[spring-beans-6.2.7.jar:6.2.7]
	at org.springframework.beans.factory.support.AbstractAutowireCapableBeanFactory.populateBean(AbstractAutowireCapableBeanFactory.java:1474) ~[spring-beans-6.2.7.jar:6.2.7]
	at org.springframework.beans.factory.support.AbstractAutowireCapableBeanFactory.doCreateBean(AbstractAutowireCapableBeanFactory.java:606) ~[spring-beans-6.2.7.jar:6.2.7]
	at org.springframework.beans.factory.support.AbstractAutowireCapableBeanFactory.createBean(AbstractAutowireCapableBeanFactory.java:529) ~[spring-beans-6.2.7.jar:6.2.7]
	at org.springframework.beans.factory.support.AbstractBeanFactory.lambda$doGetBean$0(AbstractBeanFactory.java:339) ~[spring-beans-6.2.7.jar:6.2.7]
	at org.springframework.beans.factory.support.DefaultSingletonBeanRegistry.getSingleton(DefaultSingletonBeanRegistry.java:373) ~[spring-beans-6.2.7.jar:6.2.7]
	at org.springframework.beans.factory.support.AbstractBeanFactory.doGetBean(AbstractBeanFactory.java:337) ~[spring-beans-6.2.7.jar:6.2.7]
	at org.springframework.beans.factory.support.AbstractBeanFactory.getBean(AbstractBeanFactory.java:202) ~[spring-beans-6.2.7.jar:6.2.7]
	at org.springframework.beans.factory.support.DefaultListableBeanFactory.doResolveDependency(DefaultListableBeanFactory.java:1682) ~[spring-beans-6.2.7.jar:6.2.7]
	at org.springframework.beans.factory.support.DefaultListableBeanFactory.resolveDependency(DefaultListableBeanFactory.java:1628) ~[spring-beans-6.2.7.jar:6.2.7]
	at org.springframework.beans.factory.annotation.AutowiredAnnotationBeanPostProcessor$AutowiredFieldElement.resolveFieldValue(AutowiredAnnotationBeanPostProcessor.java:785) ~[spring-beans-6.2.7.jar:6.2.7]
	... 40 common frames omitted
Caused by: org.springframework.beans.factory.UnsatisfiedDependencyException: Error creating bean with name 'mongoTemplate' defined in class path resource [org/springframework/boot/autoconfigure/data/mongo/MongoDatabaseFactoryDependentConfiguration.class]: Unsatisfied dependency expressed through method 'mongoTemplate' parameter 0: Error creating bean with name 'mongoDatabaseFactory' defined in class path resource [org/springframework/boot/autoconfigure/data/mongo/MongoDatabaseFactoryConfiguration.class]: Failed to instantiate [org.springframework.data.mongodb.core.MongoDatabaseFactorySupport]: Factory method 'mongoDatabaseFactory' threw exception with message: Database name must not be empty
	at org.springframework.beans.factory.support.ConstructorResolver.createArgumentArray(ConstructorResolver.java:804) ~[spring-beans-6.2.7.jar:6.2.7]
	at org.springframework.beans.factory.support.ConstructorResolver.instantiateUsingFactoryMethod(ConstructorResolver.java:546) ~[spring-beans-6.2.7.jar:6.2.7]
	at org.springframework.beans.factory.support.AbstractAutowireCapableBeanFactory.instantiateUsingFactoryMethod(AbstractAutowireCapableBeanFactory.java:1375) ~[spring-beans-6.2.7.jar:6.2.7]
	at org.springframework.beans.factory.support.AbstractAutowireCapableBeanFactory.createBeanInstance(AbstractAutowireCapableBeanFactory.java:1205) ~[spring-beans-6.2.7.jar:6.2.7]
	at org.springframework.beans.factory.support.AbstractAutowireCapableBeanFactory.doCreateBean(AbstractAutowireCapableBeanFactory.java:569) ~[spring-beans-6.2.7.jar:6.2.7]
	at org.springframework.beans.factory.support.AbstractAutowireCapableBeanFactory.createBean(AbstractAutowireCapableBeanFactory.java:529) ~[spring-beans-6.2.7.jar:6.2.7]
	at org.springframework.beans.factory.support.AbstractBeanFactory.lambda$doGetBean$0(AbstractBeanFactory.java:339) ~[spring-beans-6.2.7.jar:6.2.7]
	at org.springframework.beans.factory.support.DefaultSingletonBeanRegistry.getSingleton(DefaultSingletonBeanRegistry.java:373) ~[spring-beans-6.2.7.jar:6.2.7]
	at org.springframework.beans.factory.support.AbstractBeanFactory.doGetBean(AbstractBeanFactory.java:337) ~[spring-beans-6.2.7.jar:6.2.7]
	at org.springframework.beans.factory.support.AbstractBeanFactory.getBean(AbstractBeanFactory.java:202) ~[spring-beans-6.2.7.jar:6.2.7]
	at org.springframework.beans.factory.support.BeanDefinitionValueResolver.resolveReference(BeanDefinitionValueResolver.java:365) ~[spring-beans-6.2.7.jar:6.2.7]
	... 52 common frames omitted
Caused by: org.springframework.beans.factory.BeanCreationException: Error creating bean with name 'mongoDatabaseFactory' defined in class path resource [org/springframework/boot/autoconfigure/data/mongo/MongoDatabaseFactoryConfiguration.class]: Failed to instantiate [org.springframework.data.mongodb.core.MongoDatabaseFactorySupport]: Factory method 'mongoDatabaseFactory' threw exception with message: Database name must not be empty
	at org.springframework.beans.factory.support.ConstructorResolver.instantiate(ConstructorResolver.java:657) ~[spring-beans-6.2.7.jar:6.2.7]
	at org.springframework.beans.factory.support.ConstructorResolver.instantiateUsingFactoryMethod(ConstructorResolver.java:645) ~[spring-beans-6.2.7.jar:6.2.7]
	at org.springframework.beans.factory.support.AbstractAutowireCapableBeanFactory.instantiateUsingFactoryMethod(AbstractAutowireCapableBeanFactory.java:1375) ~[spring-beans-6.2.7.jar:6.2.7]
	at org.springframework.beans.factory.support.AbstractAutowireCapableBeanFactory.createBeanInstance(AbstractAutowireCapableBeanFactory.java:1205) ~[spring-beans-6.2.7.jar:6.2.7]
	at org.springframework.beans.factory.support.AbstractAutowireCapableBeanFactory.doCreateBean(AbstractAutowireCapableBeanFactory.java:569) ~[spring-beans-6.2.7.jar:6.2.7]
	at org.springframework.beans.factory.support.AbstractAutowireCapableBeanFactory.createBean(AbstractAutowireCapableBeanFactory.java:529) ~[spring-beans-6.2.7.jar:6.2.7]
	at org.springframework.beans.factory.support.AbstractBeanFactory.lambda$doGetBean$0(AbstractBeanFactory.java:339) ~[spring-beans-6.2.7.jar:6.2.7]
	at org.springframework.beans.factory.support.DefaultSingletonBeanRegistry.getSingleton(DefaultSingletonBeanRegistry.java:373) ~[spring-beans-6.2.7.jar:6.2.7]
	at org.springframework.beans.factory.support.AbstractBeanFactory.doGetBean(AbstractBeanFactory.java:337) ~[spring-beans-6.2.7.jar:6.2.7]
	at org.springframework.beans.factory.support.AbstractBeanFactory.getBean(AbstractBeanFactory.java:202) ~[spring-beans-6.2.7.jar:6.2.7]
	at org.springframework.beans.factory.config.DependencyDescriptor.resolveCandidate(DependencyDescriptor.java:254) ~[spring-beans-6.2.7.jar:6.2.7]
	at org.springframework.beans.factory.support.DefaultListableBeanFactory.doResolveDependency(DefaultListableBeanFactory.java:1740) ~[spring-beans-6.2.7.jar:6.2.7]
	at org.springframework.beans.factory.support.DefaultListableBeanFactory.resolveDependency(DefaultListableBeanFactory.java:1628) ~[spring-beans-6.2.7.jar:6.2.7]
	at org.springframework.beans.factory.support.ConstructorResolver.resolveAutowiredArgument(ConstructorResolver.java:913) ~[spring-beans-6.2.7.jar:6.2.7]
	at org.springframework.beans.factory.support.ConstructorResolver.createArgumentArray(ConstructorResolver.java:791) ~[spring-beans-6.2.7.jar:6.2.7]
	... 62 common frames omitted
Caused by: org.springframework.beans.BeanInstantiationException: Failed to instantiate [org.springframework.data.mongodb.core.MongoDatabaseFactorySupport]: Factory method 'mongoDatabaseFactory' threw exception with message: Database name must not be empty
	at org.springframework.beans.factory.support.SimpleInstantiationStrategy.lambda$instantiate$0(SimpleInstantiationStrategy.java:199) ~[spring-beans-6.2.7.jar:6.2.7]
	at org.springframework.beans.factory.support.SimpleInstantiationStrategy.instantiateWithFactoryMethod(SimpleInstantiationStrategy.java:88) ~[spring-beans-6.2.7.jar:6.2.7]
	at org.springframework.beans.factory.support.SimpleInstantiationStrategy.instantiate(SimpleInstantiationStrategy.java:168) ~[spring-beans-6.2.7.jar:6.2.7]
	at org.springframework.beans.factory.support.ConstructorResolver.instantiate(ConstructorResolver.java:653) ~[spring-beans-6.2.7.jar:6.2.7]
	... 76 common frames omitted
Caused by: java.lang.IllegalArgumentException: Database name must not be empty
	at org.springframework.util.Assert.hasText(Assert.java:253) ~[spring-core-6.2.7.jar:6.2.7]
	at org.springframework.data.mongodb.core.MongoDatabaseFactorySupport.<init>(MongoDatabaseFactorySupport.java:67) ~[spring-data-mongodb-4.4.6.jar:4.4.6]
	at org.springframework.data.mongodb.core.SimpleMongoClientDatabaseFactory.<init>(SimpleMongoClientDatabaseFactory.java:75) ~[spring-data-mongodb-4.4.6.jar:4.4.6]
	at org.springframework.data.mongodb.core.SimpleMongoClientDatabaseFactory.<init>(SimpleMongoClientDatabaseFactory.java:64) ~[spring-data-mongodb-4.4.6.jar:4.4.6]
	at org.springframework.boot.autoconfigure.data.mongo.MongoDatabaseFactoryConfiguration.mongoDatabaseFactory(MongoDatabaseFactoryConfiguration.java:52) ~[spring-boot-autoconfigure-3.4.6.jar:3.4.6]
	at java.base/jdk.internal.reflect.NativeMethodAccessorImpl.invoke0(Native Method) ~[na:na]
	at java.base/jdk.internal.reflect.NativeMethodAccessorImpl.invoke(NativeMethodAccessorImpl.java:77) ~[na:na]
	at java.base/jdk.internal.reflect.DelegatingMethodAccessorImpl.invoke(DelegatingMethodAccessorImpl.java:43) ~[na:na]
	at java.base/java.lang.reflect.Method.invoke(Method.java:568) ~[na:na]
	at org.springframework.beans.factory.support.SimpleInstantiationStrategy.lambda$instantiate$0(SimpleInstantiationStrategy.java:171) ~[spring-beans-6.2.7.jar:6.2.7]
	... 79 common frames omitted

2025-06-23T23:19:29.677+05:30  INFO 18972 --- [rosebeauticare] [restartedMain] c.r.r.RosebeauticareApplication          : Starting RosebeauticareApplication using Java 17.0.12 with PID 18972 (L:\RoseBeautiCare\RoseBeautiCare-Backend\rosebeauticare\target\classes started by Thila in L:\RoseBeautiCare\RoseBeautiCare-Backend\rosebeauticare)
2025-06-23T23:19:29.681+05:30 DEBUG 18972 --- [rosebeauticare] [restartedMain] c.r.r.RosebeauticareApplication          : Running with Spring Boot v3.4.6, Spring v6.2.7
2025-06-23T23:19:29.682+05:30  INFO 18972 --- [rosebeauticare] [restartedMain] c.r.r.RosebeauticareApplication          : No active profile set, falling back to 1 default profile: "default"
2025-06-23T23:19:29.778+05:30  INFO 18972 --- [rosebeauticare] [restartedMain] .e.DevToolsPropertyDefaultsPostProcessor : Devtools property defaults active! Set 'spring.devtools.add-properties' to 'false' to disable
2025-06-23T23:19:29.778+05:30  INFO 18972 --- [rosebeauticare] [restartedMain] .e.DevToolsPropertyDefaultsPostProcessor : For additional web related logging consider setting the 'logging.level.web' property to 'DEBUG'
2025-06-23T23:19:30.284+05:30  INFO 18972 --- [rosebeauticare] [restartedMain] .s.d.r.c.RepositoryConfigurationDelegate : Bootstrapping Spring Data MongoDB repositories in DEFAULT mode.
2025-06-23T23:19:30.343+05:30  INFO 18972 --- [rosebeauticare] [restartedMain] .s.d.r.c.RepositoryConfigurationDelegate : Finished Spring Data repository scanning in 54 ms. Found 4 MongoDB repository interfaces.
2025-06-23T23:19:30.812+05:30  INFO 18972 --- [rosebeauticare] [restartedMain] o.s.b.w.embedded.tomcat.TomcatWebServer  : Tomcat initialized with port 8080 (http)
2025-06-23T23:19:30.826+05:30  INFO 18972 --- [rosebeauticare] [restartedMain] o.apache.catalina.core.StandardService   : Starting service [Tomcat]
2025-06-23T23:19:30.827+05:30  INFO 18972 --- [rosebeauticare] [restartedMain] o.apache.catalina.core.StandardEngine    : Starting Servlet engine: [Apache Tomcat/10.1.41]
2025-06-23T23:19:30.863+05:30  INFO 18972 --- [rosebeauticare] [restartedMain] o.a.c.c.C.[Tomcat].[localhost].[/]       : Initializing Spring embedded WebApplicationContext
2025-06-23T23:19:30.863+05:30  INFO 18972 --- [rosebeauticare] [restartedMain] w.s.c.ServletWebServerApplicationContext : Root WebApplicationContext: initialization completed in 1084 ms
2025-06-23T23:19:30.920+05:30 DEBUG 18972 --- [rosebeauticare] [restartedMain] c.r.r.Security.JwtAuthenticationFilter   : Filter 'jwtAuthenticationFilter' configured for use
2025-06-23T23:19:31.160+05:30  INFO 18972 --- [rosebeauticare] [restartedMain] org.mongodb.driver.client                : MongoClient with metadata {"driver": {"name": "mongo-java-driver|sync|spring-boot", "version": "5.2.1"}, "os": {"type": "Windows", "name": "Windows 11", "architecture": "amd64", "version": "10.0"}, "platform": "Java/Oracle Corporation/17.0.12+8-LTS-286"} created with settings MongoClientSettings{readPreference=primary, writeConcern=WriteConcern{w=majority, wTimeout=null ms, journal=null}, retryWrites=true, retryReads=true, readConcern=ReadConcern{level=null}, credential=MongoCredential{mechanism=null, userName='rosebeauticare', source='admin', password=<hidden>, mechanismProperties=<hidden>}, transportSettings=null, commandListeners=[], codecRegistry=ProvidersCodecRegistry{codecProviders=[ValueCodecProvider{}, BsonValueCodecProvider{}, DBRefCodecProvider{}, DBObjectCodecProvider{}, DocumentCodecProvider{}, CollectionCodecProvider{}, IterableCodecProvider{}, MapCodecProvider{}, GeoJsonCodecProvider{}, GridFSFileCodecProvider{}, Jsr310CodecProvider{}, JsonObjectCodecProvider{}, BsonCodecProvider{}, EnumCodecProvider{}, com.mongodb.client.model.mql.ExpressionCodecProvider@381798aa, com.mongodb.Jep395RecordCodecProvider@299fc601, com.mongodb.KotlinCodecProvider@5c1f8a6d]}, loggerSettings=LoggerSettings{maxDocumentLength=1000}, clusterSettings={hosts=[127.0.0.1:27017], srvHost=rosebeauticare.jjndu3d.mongodb.net, srvServiceName=mongodb, mode=MULTIPLE, requiredClusterType=REPLICA_SET, requiredReplicaSetName='atlas-woiqe8-shard-0', serverSelector='null', clusterListeners='[]', serverSelectionTimeout='30000 ms', localThreshold='15 ms'}, socketSettings=SocketSettings{connectTimeoutMS=10000, readTimeoutMS=0, receiveBufferSize=0, proxySettings=ProxySettings{host=null, port=null, username=null, password=null}}, heartbeatSocketSettings=SocketSettings{connectTimeoutMS=10000, readTimeoutMS=10000, receiveBufferSize=0, proxySettings=ProxySettings{host=null, port=null, username=null, password=null}}, connectionPoolSettings=ConnectionPoolSettings{maxSize=100, minSize=0, maxWaitTimeMS=120000, maxConnectionLifeTimeMS=0, maxConnectionIdleTimeMS=0, maintenanceInitialDelayMS=0, maintenanceFrequencyMS=60000, connectionPoolListeners=[], maxConnecting=2}, serverSettings=ServerSettings{heartbeatFrequencyMS=10000, minHeartbeatFrequencyMS=500, serverMonitoringMode=AUTO, serverListeners='[]', serverMonitorListeners='[]'}, sslSettings=SslSettings{enabled=true, invalidHostNameAllowed=false, context=null}, applicationName='null', compressorList=[], uuidRepresentation=JAVA_LEGACY, serverApi=null, autoEncryptionSettings=null, dnsClient=null, inetAddressResolver=null, contextProvider=null, timeoutMS=null}
2025-06-23T23:19:31.210+05:30  INFO 18972 --- [rosebeauticare] [cluster-ClusterId{value='685993ab23819c52ad8de919', description='null'}-srv-rosebeauticare.jjndu3d.mongodb.net] org.mongodb.driver.cluster               : Adding discovered server ac-h1gys6c-shard-00-00.jjndu3d.mongodb.net:27017 to client view of cluster
2025-06-23T23:19:31.239+05:30  INFO 18972 --- [rosebeauticare] [cluster-ClusterId{value='685993ab23819c52ad8de919', description='null'}-srv-rosebeauticare.jjndu3d.mongodb.net] org.mongodb.driver.cluster               : Adding discovered server ac-h1gys6c-shard-00-01.jjndu3d.mongodb.net:27017 to client view of cluster
2025-06-23T23:19:31.242+05:30  INFO 18972 --- [rosebeauticare] [cluster-ClusterId{value='685993ab23819c52ad8de919', description='null'}-srv-rosebeauticare.jjndu3d.mongodb.net] org.mongodb.driver.cluster               : Adding discovered server ac-h1gys6c-shard-00-02.jjndu3d.mongodb.net:27017 to client view of cluster
2025-06-23T23:19:31.341+05:30  INFO 18972 --- [rosebeauticare] [restartedMain] o.s.b.d.a.OptionalLiveReloadServer       : LiveReload server is running on port 35729
2025-06-23T23:19:31.606+05:30  INFO 18972 --- [rosebeauticare] [restartedMain] r$InitializeUserDetailsManagerConfigurer : Global AuthenticationManager configured with UserDetailsService bean with name userDetailsServiceImpl
2025-06-23T23:19:31.826+05:30 DEBUG 18972 --- [rosebeauticare] [restartedMain] o.s.s.web.DefaultSecurityFilterChain     : Will secure any request with filters: DisableEncodeUrlFilter, WebAsyncManagerIntegrationFilter, SecurityContextHolderFilter, HeaderWriterFilter, CorsFilter, LogoutFilter, JwtAuthenticationFilter, RequestCacheAwareFilter, SecurityContextHolderAwareRequestFilter, AnonymousAuthenticationFilter, SessionManagementFilter, ExceptionTranslationFilter, AuthorizationFilter
2025-06-23T23:19:31.877+05:30  INFO 18972 --- [rosebeauticare] [restartedMain] o.s.v.b.OptionalValidatorFactoryBean     : Failed to set up a Bean Validation provider: jakarta.validation.NoProviderFoundException: Unable to create a Configuration, because no Jakarta Bean Validation provider could be found. Add a provider like Hibernate Validator (RI) to your classpath.
2025-06-23T23:19:32.033+05:30  INFO 18972 --- [rosebeauticare] [restartedMain] o.s.b.w.embedded.tomcat.TomcatWebServer  : Tomcat started on port 8080 (http) with context path '/'
2025-06-23T23:19:32.039+05:30  INFO 18972 --- [rosebeauticare] [restartedMain] c.r.r.RosebeauticareApplication          : Started RosebeauticareApplication in 2.74 seconds (process running for 3.047)
2025-06-23T23:19:32.931+05:30  INFO 18972 --- [rosebeauticare] [cluster-ClusterId{value='685993ab23819c52ad8de919', description='null'}-ac-h1gys6c-shard-00-01.jjndu3d.mongodb.net:27017] org.mongodb.driver.cluster               : Monitor thread successfully connected to server with description ServerDescription{address=ac-h1gys6c-shard-00-01.jjndu3d.mongodb.net:27017, type=REPLICA_SET_PRIMARY, cryptd=false, state=CONNECTED, ok=true, minWireVersion=0, maxWireVersion=25, maxDocumentSize=16777216, logicalSessionTimeoutMinutes=30, roundTripTimeNanos=782479700, minRoundTripTimeNanos=0, setName='atlas-woiqe8-shard-0', canonicalAddress=ac-h1gys6c-shard-00-01.jjndu3d.mongodb.net:27017, hosts=[ac-h1gys6c-shard-00-00.jjndu3d.mongodb.net:27017, ac-h1gys6c-shard-00-01.jjndu3d.mongodb.net:27017, ac-h1gys6c-shard-00-02.jjndu3d.mongodb.net:27017], passives=[], arbiters=[], primary='ac-h1gys6c-shard-00-01.jjndu3d.mongodb.net:27017', tagSet=TagSet{[Tag{name='availabilityZone', value='aps1-az3'}, Tag{name='diskState', value='READY'}, Tag{name='nodeType', value='ELECTABLE'}, Tag{name='provider', value='AWS'}, Tag{name='region', value='AP_SOUTH_1'}, Tag{name='workloadType', value='OPERATIONAL'}]}, electionId=7fffffff0000000000000035, setVersion=22, topologyVersion=TopologyVersion{processId=6852862286fc46b13122995e, counter=9}, lastWriteDate=Mon Jun 23 23:19:32 IST 2025, lastUpdateTimeNanos=42600787605900}
2025-06-23T23:19:32.932+05:30  INFO 18972 --- [rosebeauticare] [cluster-ClusterId{value='685993ab23819c52ad8de919', description='null'}-ac-h1gys6c-shard-00-02.jjndu3d.mongodb.net:27017] org.mongodb.driver.cluster               : Monitor thread successfully connected to server with description ServerDescription{address=ac-h1gys6c-shard-00-02.jjndu3d.mongodb.net:27017, type=REPLICA_SET_SECONDARY, cryptd=false, state=CONNECTED, ok=true, minWireVersion=0, maxWireVersion=25, maxDocumentSize=16777216, logicalSessionTimeoutMinutes=30, roundTripTimeNanos=772574700, minRoundTripTimeNanos=0, setName='atlas-woiqe8-shard-0', canonicalAddress=ac-h1gys6c-shard-00-02.jjndu3d.mongodb.net:27017, hosts=[ac-h1gys6c-shard-00-00.jjndu3d.mongodb.net:27017, ac-h1gys6c-shard-00-01.jjndu3d.mongodb.net:27017, ac-h1gys6c-shard-00-02.jjndu3d.mongodb.net:27017], passives=[], arbiters=[], primary='ac-h1gys6c-shard-00-01.jjndu3d.mongodb.net:27017', tagSet=TagSet{[Tag{name='availabilityZone', value='aps1-az2'}, Tag{name='diskState', value='READY'}, Tag{name='nodeType', value='ELECTABLE'}, Tag{name='provider', value='AWS'}, Tag{name='region', value='AP_SOUTH_1'}, Tag{name='workloadType', value='OPERATIONAL'}]}, electionId=null, setVersion=22, topologyVersion=TopologyVersion{processId=68528897bc07630d0d9fdd68, counter=5}, lastWriteDate=Mon Jun 23 23:19:32 IST 2025, lastUpdateTimeNanos=42600788676600}
2025-06-23T23:19:32.934+05:30  INFO 18972 --- [rosebeauticare] [cluster-ClusterId{value='685993ab23819c52ad8de919', description='null'}-ac-h1gys6c-shard-00-01.jjndu3d.mongodb.net:27017] org.mongodb.driver.cluster               : Discovered replica set primary ac-h1gys6c-shard-00-01.jjndu3d.mongodb.net:27017 with max election id 7fffffff0000000000000035 and max set version 22
2025-06-23T23:19:32.936+05:30  INFO 18972 --- [rosebeauticare] [cluster-ClusterId{value='685993ab23819c52ad8de919', description='null'}-ac-h1gys6c-shard-00-00.jjndu3d.mongodb.net:27017] org.mongodb.driver.cluster               : Monitor thread successfully connected to server with description ServerDescription{address=ac-h1gys6c-shard-00-00.jjndu3d.mongodb.net:27017, type=REPLICA_SET_SECONDARY, cryptd=false, state=CONNECTED, ok=true, minWireVersion=0, maxWireVersion=25, maxDocumentSize=16777216, logicalSessionTimeoutMinutes=30, roundTripTimeNanos=783248300, minRoundTripTimeNanos=0, setName='atlas-woiqe8-shard-0', canonicalAddress=ac-h1gys6c-shard-00-00.jjndu3d.mongodb.net:27017, hosts=[ac-h1gys6c-shard-00-00.jjndu3d.mongodb.net:27017, ac-h1gys6c-shard-00-01.jjndu3d.mongodb.net:27017, ac-h1gys6c-shard-00-02.jjndu3d.mongodb.net:27017], passives=[], arbiters=[], primary='ac-h1gys6c-shard-00-01.jjndu3d.mongodb.net:27017', tagSet=TagSet{[Tag{name='availabilityZone', value='aps1-az1'}, Tag{name='diskState', value='READY'}, Tag{name='nodeType', value='ELECTABLE'}, Tag{name='provider', value='AWS'}, Tag{name='region', value='AP_SOUTH_1'}, Tag{name='workloadType', value='OPERATIONAL'}]}, electionId=null, setVersion=22, topologyVersion=TopologyVersion{processId=6852872ffcc3c8a53b3dc2bc, counter=5}, lastWriteDate=Mon Jun 23 23:19:32 IST 2025, lastUpdateTimeNanos=42600794969100}
2025-06-23T23:20:39.092+05:30  INFO 18972 --- [rosebeauticare] [SpringApplicationShutdownHook] o.s.b.w.e.tomcat.GracefulShutdown        : Commencing graceful shutdown. Waiting for active requests to complete
2025-06-23T23:20:39.159+05:30  INFO 18972 --- [rosebeauticare] [tomcat-shutdown] o.s.b.w.e.tomcat.GracefulShutdown        : Graceful shutdown complete
2025-06-23T23:20:55.629+05:30  INFO 18416 --- [rosebeauticare] [main] c.r.r.RosebeauticareApplicationTests     : Starting RosebeauticareApplicationTests using Java 17.0.12 with PID 18416 (started by Thila in L:\RoseBeautiCare\RoseBeautiCare-Backend\rosebeauticare)
2025-06-23T23:20:55.630+05:30 DEBUG 18416 --- [rosebeauticare] [main] c.r.r.RosebeauticareApplicationTests     : Running with Spring Boot v3.4.6, Spring v6.2.7
2025-06-23T23:20:55.631+05:30  INFO 18416 --- [rosebeauticare] [main] c.r.r.RosebeauticareApplicationTests     : No active profile set, falling back to 1 default profile: "default"
2025-06-23T23:20:56.715+05:30  INFO 18416 --- [rosebeauticare] [main] .s.d.r.c.RepositoryConfigurationDelegate : Bootstrapping Spring Data MongoDB repositories in DEFAULT mode.
2025-06-23T23:20:56.833+05:30  INFO 18416 --- [rosebeauticare] [main] .s.d.r.c.RepositoryConfigurationDelegate : Finished Spring Data repository scanning in 105 ms. Found 4 MongoDB repository interfaces.
2025-06-23T23:20:57.761+05:30  INFO 18416 --- [rosebeauticare] [main] org.mongodb.driver.client                : MongoClient with metadata {"driver": {"name": "mongo-java-driver|sync|spring-boot", "version": "5.2.1"}, "os": {"type": "Windows", "name": "Windows 11", "architecture": "amd64", "version": "10.0"}, "platform": "Java/Oracle Corporation/17.0.12+8-LTS-286"} created with settings MongoClientSettings{readPreference=primary, writeConcern=WriteConcern{w=majority, wTimeout=null ms, journal=null}, retryWrites=true, retryReads=true, readConcern=ReadConcern{level=null}, credential=MongoCredential{mechanism=null, userName='rosebeauticare', source='admin', password=<hidden>, mechanismProperties=<hidden>}, transportSettings=null, commandListeners=[], codecRegistry=ProvidersCodecRegistry{codecProviders=[ValueCodecProvider{}, BsonValueCodecProvider{}, DBRefCodecProvider{}, DBObjectCodecProvider{}, DocumentCodecProvider{}, CollectionCodecProvider{}, IterableCodecProvider{}, MapCodecProvider{}, GeoJsonCodecProvider{}, GridFSFileCodecProvider{}, Jsr310CodecProvider{}, JsonObjectCodecProvider{}, BsonCodecProvider{}, EnumCodecProvider{}, com.mongodb.client.model.mql.ExpressionCodecProvider@715f45c6, com.mongodb.Jep395RecordCodecProvider@5d5c41e5, com.mongodb.KotlinCodecProvider@43245559]}, loggerSettings=LoggerSettings{maxDocumentLength=1000}, clusterSettings={hosts=[127.0.0.1:27017], srvHost=rosebeauticare.jjndu3d.mongodb.net, srvServiceName=mongodb, mode=MULTIPLE, requiredClusterType=REPLICA_SET, requiredReplicaSetName='atlas-woiqe8-shard-0', serverSelector='null', clusterListeners='[]', serverSelectionTimeout='30000 ms', localThreshold='15 ms'}, socketSettings=SocketSettings{connectTimeoutMS=10000, readTimeoutMS=0, receiveBufferSize=0, proxySettings=ProxySettings{host=null, port=null, username=null, password=null}}, heartbeatSocketSettings=SocketSettings{connectTimeoutMS=10000, readTimeoutMS=10000, receiveBufferSize=0, proxySettings=ProxySettings{host=null, port=null, username=null, password=null}}, connectionPoolSettings=ConnectionPoolSettings{maxSize=100, minSize=0, maxWaitTimeMS=120000, maxConnectionLifeTimeMS=0, maxConnectionIdleTimeMS=0, maintenanceInitialDelayMS=0, maintenanceFrequencyMS=60000, connectionPoolListeners=[], maxConnecting=2}, serverSettings=ServerSettings{heartbeatFrequencyMS=10000, minHeartbeatFrequencyMS=500, serverMonitoringMode=AUTO, serverListeners='[]', serverMonitorListeners='[]'}, sslSettings=SslSettings{enabled=true, invalidHostNameAllowed=false, context=null}, applicationName='null', compressorList=[], uuidRepresentation=JAVA_LEGACY, serverApi=null, autoEncryptionSettings=null, dnsClient=null, inetAddressResolver=null, contextProvider=null, timeoutMS=null}
2025-06-23T23:20:57.772+05:30  INFO 18416 --- [rosebeauticare] [cluster-ClusterId{value='68599401f375145e1e7e180b', description='null'}-srv-rosebeauticare.jjndu3d.mongodb.net] org.mongodb.driver.cluster               : Adding discovered server ac-h1gys6c-shard-00-00.jjndu3d.mongodb.net:27017 to client view of cluster
2025-06-23T23:20:57.834+05:30  INFO 18416 --- [rosebeauticare] [cluster-ClusterId{value='68599401f375145e1e7e180b', description='null'}-srv-rosebeauticare.jjndu3d.mongodb.net] org.mongodb.driver.cluster               : Adding discovered server ac-h1gys6c-shard-00-01.jjndu3d.mongodb.net:27017 to client view of cluster
2025-06-23T23:20:57.836+05:30  INFO 18416 --- [rosebeauticare] [cluster-ClusterId{value='68599401f375145e1e7e180b', description='null'}-srv-rosebeauticare.jjndu3d.mongodb.net] org.mongodb.driver.cluster               : Adding discovered server ac-h1gys6c-shard-00-02.jjndu3d.mongodb.net:27017 to client view of cluster
2025-06-23T23:20:58.632+05:30  INFO 18416 --- [rosebeauticare] [cluster-ClusterId{value='68599401f375145e1e7e180b', description='null'}-ac-h1gys6c-shard-00-01.jjndu3d.mongodb.net:27017] org.mongodb.driver.cluster               : Monitor thread successfully connected to server with description ServerDescription{address=ac-h1gys6c-shard-00-01.jjndu3d.mongodb.net:27017, type=REPLICA_SET_PRIMARY, cryptd=false, state=CONNECTED, ok=true, minWireVersion=0, maxWireVersion=25, maxDocumentSize=16777216, logicalSessionTimeoutMinutes=30, roundTripTimeNanos=340919500, minRoundTripTimeNanos=0, setName='atlas-woiqe8-shard-0', canonicalAddress=ac-h1gys6c-shard-00-01.jjndu3d.mongodb.net:27017, hosts=[ac-h1gys6c-shard-00-00.jjndu3d.mongodb.net:27017, ac-h1gys6c-shard-00-01.jjndu3d.mongodb.net:27017, ac-h1gys6c-shard-00-02.jjndu3d.mongodb.net:27017], passives=[], arbiters=[], primary='ac-h1gys6c-shard-00-01.jjndu3d.mongodb.net:27017', tagSet=TagSet{[Tag{name='availabilityZone', value='aps1-az3'}, Tag{name='diskState', value='READY'}, Tag{name='nodeType', value='ELECTABLE'}, Tag{name='provider', value='AWS'}, Tag{name='region', value='AP_SOUTH_1'}, Tag{name='workloadType', value='OPERATIONAL'}]}, electionId=7fffffff0000000000000035, setVersion=22, topologyVersion=TopologyVersion{processId=6852862286fc46b13122995e, counter=9}, lastWriteDate=Mon Jun 23 23:20:58 IST 2025, lastUpdateTimeNanos=42686480727000}
2025-06-23T23:20:58.632+05:30  INFO 18416 --- [rosebeauticare] [cluster-ClusterId{value='68599401f375145e1e7e180b', description='null'}-ac-h1gys6c-shard-00-02.jjndu3d.mongodb.net:27017] org.mongodb.driver.cluster               : Monitor thread successfully connected to server with description ServerDescription{address=ac-h1gys6c-shard-00-02.jjndu3d.mongodb.net:27017, type=REPLICA_SET_SECONDARY, cryptd=false, state=CONNECTED, ok=true, minWireVersion=0, maxWireVersion=25, maxDocumentSize=16777216, logicalSessionTimeoutMinutes=30, roundTripTimeNanos=341063300, minRoundTripTimeNanos=0, setName='atlas-woiqe8-shard-0', canonicalAddress=ac-h1gys6c-shard-00-02.jjndu3d.mongodb.net:27017, hosts=[ac-h1gys6c-shard-00-00.jjndu3d.mongodb.net:27017, ac-h1gys6c-shard-00-01.jjndu3d.mongodb.net:27017, ac-h1gys6c-shard-00-02.jjndu3d.mongodb.net:27017], passives=[], arbiters=[], primary='ac-h1gys6c-shard-00-01.jjndu3d.mongodb.net:27017', tagSet=TagSet{[Tag{name='availabilityZone', value='aps1-az2'}, Tag{name='diskState', value='READY'}, Tag{name='nodeType', value='ELECTABLE'}, Tag{name='provider', value='AWS'}, Tag{name='region', value='AP_SOUTH_1'}, Tag{name='workloadType', value='OPERATIONAL'}]}, electionId=null, setVersion=22, topologyVersion=TopologyVersion{processId=68528897bc07630d0d9fdd68, counter=5}, lastWriteDate=Mon Jun 23 23:20:58 IST 2025, lastUpdateTimeNanos=42686480758400}
2025-06-23T23:20:58.632+05:30  INFO 18416 --- [rosebeauticare] [cluster-ClusterId{value='68599401f375145e1e7e180b', description='null'}-ac-h1gys6c-shard-00-00.jjndu3d.mongodb.net:27017] org.mongodb.driver.cluster               : Monitor thread successfully connected to server with description ServerDescription{address=ac-h1gys6c-shard-00-00.jjndu3d.mongodb.net:27017, type=REPLICA_SET_SECONDARY, cryptd=false, state=CONNECTED, ok=true, minWireVersion=0, maxWireVersion=25, maxDocumentSize=16777216, logicalSessionTimeoutMinutes=30, roundTripTimeNanos=341059200, minRoundTripTimeNanos=0, setName='atlas-woiqe8-shard-0', canonicalAddress=ac-h1gys6c-shard-00-00.jjndu3d.mongodb.net:27017, hosts=[ac-h1gys6c-shard-00-00.jjndu3d.mongodb.net:27017, ac-h1gys6c-shard-00-01.jjndu3d.mongodb.net:27017, ac-h1gys6c-shard-00-02.jjndu3d.mongodb.net:27017], passives=[], arbiters=[], primary='ac-h1gys6c-shard-00-01.jjndu3d.mongodb.net:27017', tagSet=TagSet{[Tag{name='availabilityZone', value='aps1-az1'}, Tag{name='diskState', value='READY'}, Tag{name='nodeType', value='ELECTABLE'}, Tag{name='provider', value='AWS'}, Tag{name='region', value='AP_SOUTH_1'}, Tag{name='workloadType', value='OPERATIONAL'}]}, electionId=null, setVersion=22, topologyVersion=TopologyVersion{processId=6852872ffcc3c8a53b3dc2bc, counter=5}, lastWriteDate=Mon Jun 23 23:20:58 IST 2025, lastUpdateTimeNanos=42686480755600}
2025-06-23T23:20:58.639+05:30  INFO 18416 --- [rosebeauticare] [cluster-ClusterId{value='68599401f375145e1e7e180b', description='null'}-ac-h1gys6c-shard-00-01.jjndu3d.mongodb.net:27017] org.mongodb.driver.cluster               : Discovered replica set primary ac-h1gys6c-shard-00-01.jjndu3d.mongodb.net:27017 with max election id 7fffffff0000000000000035 and max set version 22
2025-06-23T23:20:58.684+05:30  INFO 18416 --- [rosebeauticare] [main] r$InitializeUserDetailsManagerConfigurer : Global AuthenticationManager configured with UserDetailsService bean with name userDetailsServiceImpl
2025-06-23T23:20:59.278+05:30 DEBUG 18416 --- [rosebeauticare] [main] o.s.s.web.DefaultSecurityFilterChain     : Will secure any request with filters: DisableEncodeUrlFilter, WebAsyncManagerIntegrationFilter, SecurityContextHolderFilter, HeaderWriterFilter, CorsFilter, LogoutFilter, JwtAuthenticationFilter, RequestCacheAwareFilter, SecurityContextHolderAwareRequestFilter, AnonymousAuthenticationFilter, SessionManagementFilter, ExceptionTranslationFilter, AuthorizationFilter
2025-06-23T23:20:59.494+05:30  INFO 18416 --- [rosebeauticare] [main] o.s.v.b.OptionalValidatorFactoryBean     : Failed to set up a Bean Validation provider: jakarta.validation.NoProviderFoundException: Unable to create a Configuration, because no Jakarta Bean Validation provider could be found. Add a provider like Hibernate Validator (RI) to your classpath.
2025-06-23T23:20:59.721+05:30  INFO 18416 --- [rosebeauticare] [main] c.r.r.RosebeauticareApplicationTests     : Started RosebeauticareApplicationTests in 4.427 seconds (process running for 5.458)
2025-06-23T23:21:10.301+05:30  INFO 14936 --- [rosebeauticare] [restartedMain] c.r.r.RosebeauticareApplication          : Starting RosebeauticareApplication using Java 17.0.12 with PID 14936 (L:\RoseBeautiCare\RoseBeautiCare-Backend\rosebeauticare\target\classes started by Thila in L:\RoseBeautiCare\RoseBeautiCare-Backend\rosebeauticare)
2025-06-23T23:21:10.305+05:30 DEBUG 14936 --- [rosebeauticare] [restartedMain] c.r.r.RosebeauticareApplication          : Running with Spring Boot v3.4.6, Spring v6.2.7
2025-06-23T23:21:10.306+05:30  INFO 14936 --- [rosebeauticare] [restartedMain] c.r.r.RosebeauticareApplication          : No active profile set, falling back to 1 default profile: "default"
2025-06-23T23:21:10.387+05:30  INFO 14936 --- [rosebeauticare] [restartedMain] .e.DevToolsPropertyDefaultsPostProcessor : Devtools property defaults active! Set 'spring.devtools.add-properties' to 'false' to disable
2025-06-23T23:21:10.388+05:30  INFO 14936 --- [rosebeauticare] [restartedMain] .e.DevToolsPropertyDefaultsPostProcessor : For additional web related logging consider setting the 'logging.level.web' property to 'DEBUG'
2025-06-23T23:21:10.871+05:30  INFO 14936 --- [rosebeauticare] [restartedMain] .s.d.r.c.RepositoryConfigurationDelegate : Bootstrapping Spring Data MongoDB repositories in DEFAULT mode.
2025-06-23T23:21:10.920+05:30  INFO 14936 --- [rosebeauticare] [restartedMain] .s.d.r.c.RepositoryConfigurationDelegate : Finished Spring Data repository scanning in 44 ms. Found 4 MongoDB repository interfaces.
2025-06-23T23:21:11.373+05:30  INFO 14936 --- [rosebeauticare] [restartedMain] o.s.b.w.embedded.tomcat.TomcatWebServer  : Tomcat initialized with port 8080 (http)
2025-06-23T23:21:11.383+05:30  INFO 14936 --- [rosebeauticare] [restartedMain] o.apache.catalina.core.StandardService   : Starting service [Tomcat]
2025-06-23T23:21:11.384+05:30  INFO 14936 --- [rosebeauticare] [restartedMain] o.apache.catalina.core.StandardEngine    : Starting Servlet engine: [Apache Tomcat/10.1.41]
2025-06-23T23:21:11.420+05:30  INFO 14936 --- [rosebeauticare] [restartedMain] o.a.c.c.C.[Tomcat].[localhost].[/]       : Initializing Spring embedded WebApplicationContext
2025-06-23T23:21:11.421+05:30  INFO 14936 --- [rosebeauticare] [restartedMain] w.s.c.ServletWebServerApplicationContext : Root WebApplicationContext: initialization completed in 1032 ms
2025-06-23T23:21:11.481+05:30 DEBUG 14936 --- [rosebeauticare] [restartedMain] c.r.r.Security.JwtAuthenticationFilter   : Filter 'jwtAuthenticationFilter' configured for use
2025-06-23T23:21:11.691+05:30  INFO 14936 --- [rosebeauticare] [restartedMain] org.mongodb.driver.client                : MongoClient with metadata {"driver": {"name": "mongo-java-driver|sync|spring-boot", "version": "5.2.1"}, "os": {"type": "Windows", "name": "Windows 11", "architecture": "amd64", "version": "10.0"}, "platform": "Java/Oracle Corporation/17.0.12+8-LTS-286"} created with settings MongoClientSettings{readPreference=primary, writeConcern=WriteConcern{w=majority, wTimeout=null ms, journal=null}, retryWrites=true, retryReads=true, readConcern=ReadConcern{level=null}, credential=MongoCredential{mechanism=null, userName='rosebeauticare', source='admin', password=<hidden>, mechanismProperties=<hidden>}, transportSettings=null, commandListeners=[], codecRegistry=ProvidersCodecRegistry{codecProviders=[ValueCodecProvider{}, BsonValueCodecProvider{}, DBRefCodecProvider{}, DBObjectCodecProvider{}, DocumentCodecProvider{}, CollectionCodecProvider{}, IterableCodecProvider{}, MapCodecProvider{}, GeoJsonCodecProvider{}, GridFSFileCodecProvider{}, Jsr310CodecProvider{}, JsonObjectCodecProvider{}, BsonCodecProvider{}, EnumCodecProvider{}, com.mongodb.client.model.mql.ExpressionCodecProvider@2604fdd7, com.mongodb.Jep395RecordCodecProvider@1d6be284, com.mongodb.KotlinCodecProvider@5fecd068]}, loggerSettings=LoggerSettings{maxDocumentLength=1000}, clusterSettings={hosts=[127.0.0.1:27017], srvHost=rosebeauticare.jjndu3d.mongodb.net, srvServiceName=mongodb, mode=MULTIPLE, requiredClusterType=REPLICA_SET, requiredReplicaSetName='atlas-woiqe8-shard-0', serverSelector='null', clusterListeners='[]', serverSelectionTimeout='30000 ms', localThreshold='15 ms'}, socketSettings=SocketSettings{connectTimeoutMS=10000, readTimeoutMS=0, receiveBufferSize=0, proxySettings=ProxySettings{host=null, port=null, username=null, password=null}}, heartbeatSocketSettings=SocketSettings{connectTimeoutMS=10000, readTimeoutMS=10000, receiveBufferSize=0, proxySettings=ProxySettings{host=null, port=null, username=null, password=null}}, connectionPoolSettings=ConnectionPoolSettings{maxSize=100, minSize=0, maxWaitTimeMS=120000, maxConnectionLifeTimeMS=0, maxConnectionIdleTimeMS=0, maintenanceInitialDelayMS=0, maintenanceFrequencyMS=60000, connectionPoolListeners=[], maxConnecting=2}, serverSettings=ServerSettings{heartbeatFrequencyMS=10000, minHeartbeatFrequencyMS=500, serverMonitoringMode=AUTO, serverListeners='[]', serverMonitorListeners='[]'}, sslSettings=SslSettings{enabled=true, invalidHostNameAllowed=false, context=null}, applicationName='null', compressorList=[], uuidRepresentation=JAVA_LEGACY, serverApi=null, autoEncryptionSettings=null, dnsClient=null, inetAddressResolver=null, contextProvider=null, timeoutMS=null}
2025-06-23T23:21:11.790+05:30  INFO 14936 --- [rosebeauticare] [restartedMain] o.s.b.d.a.OptionalLiveReloadServer       : LiveReload server is running on port 35729
2025-06-23T23:21:11.887+05:30  INFO 14936 --- [rosebeauticare] [cluster-ClusterId{value='6859940fed998d3584aea9f1', description='null'}-srv-rosebeauticare.jjndu3d.mongodb.net] org.mongodb.driver.cluster               : Adding discovered server ac-h1gys6c-shard-00-00.jjndu3d.mongodb.net:27017 to client view of cluster
2025-06-23T23:21:11.916+05:30  INFO 14936 --- [rosebeauticare] [cluster-ClusterId{value='6859940fed998d3584aea9f1', description='null'}-srv-rosebeauticare.jjndu3d.mongodb.net] org.mongodb.driver.cluster               : Adding discovered server ac-h1gys6c-shard-00-01.jjndu3d.mongodb.net:27017 to client view of cluster
2025-06-23T23:21:11.917+05:30  INFO 14936 --- [rosebeauticare] [cluster-ClusterId{value='6859940fed998d3584aea9f1', description='null'}-srv-rosebeauticare.jjndu3d.mongodb.net] org.mongodb.driver.cluster               : Adding discovered server ac-h1gys6c-shard-00-02.jjndu3d.mongodb.net:27017 to client view of cluster
2025-06-23T23:21:12.197+05:30  INFO 14936 --- [rosebeauticare] [restartedMain] r$InitializeUserDetailsManagerConfigurer : Global AuthenticationManager configured with UserDetailsService bean with name userDetailsServiceImpl
2025-06-23T23:21:12.376+05:30  INFO 14936 --- [rosebeauticare] [cluster-ClusterId{value='6859940fed998d3584aea9f1', description='null'}-ac-h1gys6c-shard-00-00.jjndu3d.mongodb.net:27017] org.mongodb.driver.cluster               : Monitor thread successfully connected to server with description ServerDescription{address=ac-h1gys6c-shard-00-00.jjndu3d.mongodb.net:27017, type=REPLICA_SET_SECONDARY, cryptd=false, state=CONNECTED, ok=true, minWireVersion=0, maxWireVersion=25, maxDocumentSize=16777216, logicalSessionTimeoutMinutes=30, roundTripTimeNanos=244667500, minRoundTripTimeNanos=0, setName='atlas-woiqe8-shard-0', canonicalAddress=ac-h1gys6c-shard-00-00.jjndu3d.mongodb.net:27017, hosts=[ac-h1gys6c-shard-00-00.jjndu3d.mongodb.net:27017, ac-h1gys6c-shard-00-01.jjndu3d.mongodb.net:27017, ac-h1gys6c-shard-00-02.jjndu3d.mongodb.net:27017], passives=[], arbiters=[], primary='ac-h1gys6c-shard-00-01.jjndu3d.mongodb.net:27017', tagSet=TagSet{[Tag{name='availabilityZone', value='aps1-az1'}, Tag{name='diskState', value='READY'}, Tag{name='nodeType', value='ELECTABLE'}, Tag{name='provider', value='AWS'}, Tag{name='region', value='AP_SOUTH_1'}, Tag{name='workloadType', value='OPERATIONAL'}]}, electionId=null, setVersion=22, topologyVersion=TopologyVersion{processId=6852872ffcc3c8a53b3dc2bc, counter=5}, lastWriteDate=Mon Jun 23 23:21:12 IST 2025, lastUpdateTimeNanos=42700231696200}
2025-06-23T23:21:12.376+05:30  INFO 14936 --- [rosebeauticare] [cluster-ClusterId{value='6859940fed998d3584aea9f1', description='null'}-ac-h1gys6c-shard-00-02.jjndu3d.mongodb.net:27017] org.mongodb.driver.cluster               : Monitor thread successfully connected to server with description ServerDescription{address=ac-h1gys6c-shard-00-02.jjndu3d.mongodb.net:27017, type=REPLICA_SET_SECONDARY, cryptd=false, state=CONNECTED, ok=true, minWireVersion=0, maxWireVersion=25, maxDocumentSize=16777216, logicalSessionTimeoutMinutes=30, roundTripTimeNanos=243167000, minRoundTripTimeNanos=0, setName='atlas-woiqe8-shard-0', canonicalAddress=ac-h1gys6c-shard-00-02.jjndu3d.mongodb.net:27017, hosts=[ac-h1gys6c-shard-00-00.jjndu3d.mongodb.net:27017, ac-h1gys6c-shard-00-01.jjndu3d.mongodb.net:27017, ac-h1gys6c-shard-00-02.jjndu3d.mongodb.net:27017], passives=[], arbiters=[], primary='ac-h1gys6c-shard-00-01.jjndu3d.mongodb.net:27017', tagSet=TagSet{[Tag{name='availabilityZone', value='aps1-az2'}, Tag{name='diskState', value='READY'}, Tag{name='nodeType', value='ELECTABLE'}, Tag{name='provider', value='AWS'}, Tag{name='region', value='AP_SOUTH_1'}, Tag{name='workloadType', value='OPERATIONAL'}]}, electionId=null, setVersion=22, topologyVersion=TopologyVersion{processId=68528897bc07630d0d9fdd68, counter=5}, lastWriteDate=Mon Jun 23 23:21:12 GMT+05:30 2025, lastUpdateTimeNanos=42700232200200}
2025-06-23T23:21:12.376+05:30  INFO 14936 --- [rosebeauticare] [cluster-ClusterId{value='6859940fed998d3584aea9f1', description='null'}-ac-h1gys6c-shard-00-01.jjndu3d.mongodb.net:27017] org.mongodb.driver.cluster               : Monitor thread successfully connected to server with description ServerDescription{address=ac-h1gys6c-shard-00-01.jjndu3d.mongodb.net:27017, type=REPLICA_SET_PRIMARY, cryptd=false, state=CONNECTED, ok=true, minWireVersion=0, maxWireVersion=25, maxDocumentSize=16777216, logicalSessionTimeoutMinutes=30, roundTripTimeNanos=242659900, minRoundTripTimeNanos=0, setName='atlas-woiqe8-shard-0', canonicalAddress=ac-h1gys6c-shard-00-01.jjndu3d.mongodb.net:27017, hosts=[ac-h1gys6c-shard-00-00.jjndu3d.mongodb.net:27017, ac-h1gys6c-shard-00-01.jjndu3d.mongodb.net:27017, ac-h1gys6c-shard-00-02.jjndu3d.mongodb.net:27017], passives=[], arbiters=[], primary='ac-h1gys6c-shard-00-01.jjndu3d.mongodb.net:27017', tagSet=TagSet{[Tag{name='availabilityZone', value='aps1-az3'}, Tag{name='diskState', value='READY'}, Tag{name='nodeType', value='ELECTABLE'}, Tag{name='provider', value='AWS'}, Tag{name='region', value='AP_SOUTH_1'}, Tag{name='workloadType', value='OPERATIONAL'}]}, electionId=7fffffff0000000000000035, setVersion=22, topologyVersion=TopologyVersion{processId=6852862286fc46b13122995e, counter=9}, lastWriteDate=Mon Jun 23 23:21:12 GMT+05:30 2025, lastUpdateTimeNanos=42700231696200}
2025-06-23T23:21:12.380+05:30  INFO 14936 --- [rosebeauticare] [cluster-ClusterId{value='6859940fed998d3584aea9f1', description='null'}-ac-h1gys6c-shard-00-01.jjndu3d.mongodb.net:27017] org.mongodb.driver.cluster               : Discovered replica set primary ac-h1gys6c-shard-00-01.jjndu3d.mongodb.net:27017 with max election id 7fffffff0000000000000035 and max set version 22
2025-06-23T23:21:12.495+05:30 DEBUG 14936 --- [rosebeauticare] [restartedMain] o.s.s.web.DefaultSecurityFilterChain     : Will secure any request with filters: DisableEncodeUrlFilter, WebAsyncManagerIntegrationFilter, SecurityContextHolderFilter, HeaderWriterFilter, CorsFilter, LogoutFilter, JwtAuthenticationFilter, RequestCacheAwareFilter, SecurityContextHolderAwareRequestFilter, AnonymousAuthenticationFilter, SessionManagementFilter, ExceptionTranslationFilter, AuthorizationFilter
2025-06-23T23:21:12.536+05:30  INFO 14936 --- [rosebeauticare] [restartedMain] o.s.v.b.OptionalValidatorFactoryBean     : Failed to set up a Bean Validation provider: jakarta.validation.NoProviderFoundException: Unable to create a Configuration, because no Jakarta Bean Validation provider could be found. Add a provider like Hibernate Validator (RI) to your classpath.
2025-06-23T23:21:12.662+05:30  INFO 14936 --- [rosebeauticare] [restartedMain] o.s.b.w.embedded.tomcat.TomcatWebServer  : Tomcat started on port 8080 (http) with context path '/'
2025-06-23T23:21:12.669+05:30  INFO 14936 --- [rosebeauticare] [restartedMain] c.r.r.RosebeauticareApplication          : Started RosebeauticareApplication in 2.767 seconds (process running for 3.128)
2025-06-23T23:26:44.528+05:30  INFO 14936 --- [rosebeauticare] [SpringApplicationShutdownHook] o.s.b.w.e.tomcat.GracefulShutdown        : Commencing graceful shutdown. Waiting for active requests to complete
2025-06-23T23:26:44.587+05:30  INFO 14936 --- [rosebeauticare] [tomcat-shutdown] o.s.b.w.e.tomcat.GracefulShutdown        : Graceful shutdown complete
2025-06-23T23:27:00.056+05:30  INFO 20936 --- [rosebeauticare] [main] c.r.r.RosebeauticareApplicationTests     : Starting RosebeauticareApplicationTests using Java 17.0.12 with PID 20936 (started by Thila in L:\RoseBeautiCare\RoseBeautiCare-Backend\rosebeauticare)
2025-06-23T23:27:00.057+05:30 DEBUG 20936 --- [rosebeauticare] [main] c.r.r.RosebeauticareApplicationTests     : Running with Spring Boot v3.4.6, Spring v6.2.7
2025-06-23T23:27:00.057+05:30  INFO 20936 --- [rosebeauticare] [main] c.r.r.RosebeauticareApplicationTests     : No active profile set, falling back to 1 default profile: "default"
2025-06-23T23:27:00.850+05:30  INFO 20936 --- [rosebeauticare] [main] .s.d.r.c.RepositoryConfigurationDelegate : Bootstrapping Spring Data MongoDB repositories in DEFAULT mode.
2025-06-23T23:27:00.916+05:30  INFO 20936 --- [rosebeauticare] [main] .s.d.r.c.RepositoryConfigurationDelegate : Finished Spring Data repository scanning in 58 ms. Found 4 MongoDB repository interfaces.
2025-06-23T23:27:01.607+05:30  INFO 20936 --- [rosebeauticare] [main] org.mongodb.driver.client                : MongoClient with metadata {"driver": {"name": "mongo-java-driver|sync|spring-boot", "version": "5.2.1"}, "os": {"type": "Windows", "name": "Windows 11", "architecture": "amd64", "version": "10.0"}, "platform": "Java/Oracle Corporation/17.0.12+8-LTS-286"} created with settings MongoClientSettings{readPreference=primary, writeConcern=WriteConcern{w=majority, wTimeout=null ms, journal=null}, retryWrites=true, retryReads=true, readConcern=ReadConcern{level=null}, credential=MongoCredential{mechanism=null, userName='rosebeauticare', source='admin', password=<hidden>, mechanismProperties=<hidden>}, transportSettings=null, commandListeners=[], codecRegistry=ProvidersCodecRegistry{codecProviders=[ValueCodecProvider{}, BsonValueCodecProvider{}, DBRefCodecProvider{}, DBObjectCodecProvider{}, DocumentCodecProvider{}, CollectionCodecProvider{}, IterableCodecProvider{}, MapCodecProvider{}, GeoJsonCodecProvider{}, GridFSFileCodecProvider{}, Jsr310CodecProvider{}, JsonObjectCodecProvider{}, BsonCodecProvider{}, EnumCodecProvider{}, com.mongodb.client.model.mql.ExpressionCodecProvider@499ee966, com.mongodb.Jep395RecordCodecProvider@76f2dad9, com.mongodb.KotlinCodecProvider@171dc7c3]}, loggerSettings=LoggerSettings{maxDocumentLength=1000}, clusterSettings={hosts=[127.0.0.1:27017], srvHost=rosebeauticare.jjndu3d.mongodb.net, srvServiceName=mongodb, mode=MULTIPLE, requiredClusterType=REPLICA_SET, requiredReplicaSetName='atlas-woiqe8-shard-0', serverSelector='null', clusterListeners='[]', serverSelectionTimeout='30000 ms', localThreshold='15 ms'}, socketSettings=SocketSettings{connectTimeoutMS=10000, readTimeoutMS=0, receiveBufferSize=0, proxySettings=ProxySettings{host=null, port=null, username=null, password=null}}, heartbeatSocketSettings=SocketSettings{connectTimeoutMS=10000, readTimeoutMS=10000, receiveBufferSize=0, proxySettings=ProxySettings{host=null, port=null, username=null, password=null}}, connectionPoolSettings=ConnectionPoolSettings{maxSize=100, minSize=0, maxWaitTimeMS=120000, maxConnectionLifeTimeMS=0, maxConnectionIdleTimeMS=0, maintenanceInitialDelayMS=0, maintenanceFrequencyMS=60000, connectionPoolListeners=[], maxConnecting=2}, serverSettings=ServerSettings{heartbeatFrequencyMS=10000, minHeartbeatFrequencyMS=500, serverMonitoringMode=AUTO, serverListeners='[]', serverMonitorListeners='[]'}, sslSettings=SslSettings{enabled=true, invalidHostNameAllowed=false, context=null}, applicationName='null', compressorList=[], uuidRepresentation=JAVA_LEGACY, serverApi=null, autoEncryptionSettings=null, dnsClient=null, inetAddressResolver=null, contextProvider=null, timeoutMS=null}
2025-06-23T23:27:01.641+05:30  INFO 20936 --- [rosebeauticare] [cluster-ClusterId{value='6859956dbd07a973d766864d', description='null'}-srv-rosebeauticare.jjndu3d.mongodb.net] org.mongodb.driver.cluster               : Adding discovered server ac-h1gys6c-shard-00-00.jjndu3d.mongodb.net:27017 to client view of cluster
2025-06-23T23:27:01.673+05:30  INFO 20936 --- [rosebeauticare] [cluster-ClusterId{value='6859956dbd07a973d766864d', description='null'}-srv-rosebeauticare.jjndu3d.mongodb.net] org.mongodb.driver.cluster               : Adding discovered server ac-h1gys6c-shard-00-01.jjndu3d.mongodb.net:27017 to client view of cluster
2025-06-23T23:27:01.676+05:30  INFO 20936 --- [rosebeauticare] [cluster-ClusterId{value='6859956dbd07a973d766864d', description='null'}-srv-rosebeauticare.jjndu3d.mongodb.net] org.mongodb.driver.cluster               : Adding discovered server ac-h1gys6c-shard-00-02.jjndu3d.mongodb.net:27017 to client view of cluster
2025-06-23T23:27:02.446+05:30  INFO 20936 --- [rosebeauticare] [main] r$InitializeUserDetailsManagerConfigurer : Global AuthenticationManager configured with UserDetailsService bean with name userDetailsServiceImpl
2025-06-23T23:27:02.884+05:30 DEBUG 20936 --- [rosebeauticare] [main] o.s.s.web.DefaultSecurityFilterChain     : Will secure any request with filters: DisableEncodeUrlFilter, WebAsyncManagerIntegrationFilter, SecurityContextHolderFilter, HeaderWriterFilter, CorsFilter, LogoutFilter, JwtAuthenticationFilter, RequestCacheAwareFilter, SecurityContextHolderAwareRequestFilter, AnonymousAuthenticationFilter, SessionManagementFilter, ExceptionTranslationFilter, AuthorizationFilter
2025-06-23T23:27:03.053+05:30  INFO 20936 --- [rosebeauticare] [cluster-ClusterId{value='6859956dbd07a973d766864d', description='null'}-ac-h1gys6c-shard-00-02.jjndu3d.mongodb.net:27017] org.mongodb.driver.cluster               : Monitor thread successfully connected to server with description ServerDescription{address=ac-h1gys6c-shard-00-02.jjndu3d.mongodb.net:27017, type=REPLICA_SET_SECONDARY, cryptd=false, state=CONNECTED, ok=true, minWireVersion=0, maxWireVersion=25, maxDocumentSize=16777216, logicalSessionTimeoutMinutes=30, roundTripTimeNanos=322305900, minRoundTripTimeNanos=0, setName='atlas-woiqe8-shard-0', canonicalAddress=ac-h1gys6c-shard-00-02.jjndu3d.mongodb.net:27017, hosts=[ac-h1gys6c-shard-00-00.jjndu3d.mongodb.net:27017, ac-h1gys6c-shard-00-01.jjndu3d.mongodb.net:27017, ac-h1gys6c-shard-00-02.jjndu3d.mongodb.net:27017], passives=[], arbiters=[], primary='ac-h1gys6c-shard-00-01.jjndu3d.mongodb.net:27017', tagSet=TagSet{[Tag{name='availabilityZone', value='aps1-az2'}, Tag{name='diskState', value='READY'}, Tag{name='nodeType', value='ELECTABLE'}, Tag{name='provider', value='AWS'}, Tag{name='region', value='AP_SOUTH_1'}, Tag{name='workloadType', value='OPERATIONAL'}]}, electionId=null, setVersion=22, topologyVersion=TopologyVersion{processId=68528897bc07630d0d9fdd68, counter=5}, lastWriteDate=Mon Jun 23 23:27:03 IST 2025, lastUpdateTimeNanos=43050908737500}
2025-06-23T23:27:03.053+05:30  INFO 20936 --- [rosebeauticare] [cluster-ClusterId{value='6859956dbd07a973d766864d', description='null'}-ac-h1gys6c-shard-00-00.jjndu3d.mongodb.net:27017] org.mongodb.driver.cluster               : Monitor thread successfully connected to server with description ServerDescription{address=ac-h1gys6c-shard-00-00.jjndu3d.mongodb.net:27017, type=REPLICA_SET_SECONDARY, cryptd=false, state=CONNECTED, ok=true, minWireVersion=0, maxWireVersion=25, maxDocumentSize=16777216, logicalSessionTimeoutMinutes=30, roundTripTimeNanos=287384000, minRoundTripTimeNanos=0, setName='atlas-woiqe8-shard-0', canonicalAddress=ac-h1gys6c-shard-00-00.jjndu3d.mongodb.net:27017, hosts=[ac-h1gys6c-shard-00-00.jjndu3d.mongodb.net:27017, ac-h1gys6c-shard-00-01.jjndu3d.mongodb.net:27017, ac-h1gys6c-shard-00-02.jjndu3d.mongodb.net:27017], passives=[], arbiters=[], primary='ac-h1gys6c-shard-00-01.jjndu3d.mongodb.net:27017', tagSet=TagSet{[Tag{name='availabilityZone', value='aps1-az1'}, Tag{name='diskState', value='READY'}, Tag{name='nodeType', value='ELECTABLE'}, Tag{name='provider', value='AWS'}, Tag{name='region', value='AP_SOUTH_1'}, Tag{name='workloadType', value='OPERATIONAL'}]}, electionId=null, setVersion=22, topologyVersion=TopologyVersion{processId=6852872ffcc3c8a53b3dc2bc, counter=5}, lastWriteDate=Mon Jun 23 23:27:03 IST 2025, lastUpdateTimeNanos=43050908659300}
2025-06-23T23:27:03.055+05:30  INFO 20936 --- [rosebeauticare] [cluster-ClusterId{value='6859956dbd07a973d766864d', description='null'}-ac-h1gys6c-shard-00-01.jjndu3d.mongodb.net:27017] org.mongodb.driver.cluster               : Monitor thread successfully connected to server with description ServerDescription{address=ac-h1gys6c-shard-00-01.jjndu3d.mongodb.net:27017, type=REPLICA_SET_PRIMARY, cryptd=false, state=CONNECTED, ok=true, minWireVersion=0, maxWireVersion=25, maxDocumentSize=16777216, logicalSessionTimeoutMinutes=30, roundTripTimeNanos=381745400, minRoundTripTimeNanos=0, setName='atlas-woiqe8-shard-0', canonicalAddress=ac-h1gys6c-shard-00-01.jjndu3d.mongodb.net:27017, hosts=[ac-h1gys6c-shard-00-00.jjndu3d.mongodb.net:27017, ac-h1gys6c-shard-00-01.jjndu3d.mongodb.net:27017, ac-h1gys6c-shard-00-02.jjndu3d.mongodb.net:27017], passives=[], arbiters=[], primary='ac-h1gys6c-shard-00-01.jjndu3d.mongodb.net:27017', tagSet=TagSet{[Tag{name='availabilityZone', value='aps1-az3'}, Tag{name='diskState', value='READY'}, Tag{name='nodeType', value='ELECTABLE'}, Tag{name='provider', value='AWS'}, Tag{name='region', value='AP_SOUTH_1'}, Tag{name='workloadType', value='OPERATIONAL'}]}, electionId=7fffffff0000000000000035, setVersion=22, topologyVersion=TopologyVersion{processId=6852862286fc46b13122995e, counter=9}, lastWriteDate=Mon Jun 23 23:27:03 IST 2025, lastUpdateTimeNanos=43050908613600}
2025-06-23T23:27:03.059+05:30  INFO 20936 --- [rosebeauticare] [cluster-ClusterId{value='6859956dbd07a973d766864d', description='null'}-ac-h1gys6c-shard-00-01.jjndu3d.mongodb.net:27017] org.mongodb.driver.cluster               : Discovered replica set primary ac-h1gys6c-shard-00-01.jjndu3d.mongodb.net:27017 with max election id 7fffffff0000000000000035 and max set version 22
2025-06-23T23:27:03.155+05:30  INFO 20936 --- [rosebeauticare] [main] o.s.v.b.OptionalValidatorFactoryBean     : Failed to set up a Bean Validation provider: jakarta.validation.NoProviderFoundException: Unable to create a Configuration, because no Jakarta Bean Validation provider could be found. Add a provider like Hibernate Validator (RI) to your classpath.
2025-06-23T23:27:03.368+05:30  INFO 20936 --- [rosebeauticare] [main] c.r.r.RosebeauticareApplicationTests     : Started RosebeauticareApplicationTests in 3.71 seconds (process running for 4.588)
2025-06-23T23:28:29.379+05:30  INFO 11432 --- [rosebeauticare] [restartedMain] c.r.r.RosebeauticareApplication          : Starting RosebeauticareApplication using Java 17.0.12 with PID 11432 (L:\RoseBeautiCare\RoseBeautiCare-Backend\rosebeauticare\target\classes started by Thila in L:\RoseBeautiCare\RoseBeautiCare-Backend\rosebeauticare)
2025-06-23T23:28:29.381+05:30 DEBUG 11432 --- [rosebeauticare] [restartedMain] c.r.r.RosebeauticareApplication          : Running with Spring Boot v3.4.6, Spring v6.2.7
2025-06-23T23:28:29.382+05:30  INFO 11432 --- [rosebeauticare] [restartedMain] c.r.r.RosebeauticareApplication          : No active profile set, falling back to 1 default profile: "default"
2025-06-23T23:28:29.429+05:30  INFO 11432 --- [rosebeauticare] [restartedMain] .e.DevToolsPropertyDefaultsPostProcessor : Devtools property defaults active! Set 'spring.devtools.add-properties' to 'false' to disable
2025-06-23T23:28:29.430+05:30  INFO 11432 --- [rosebeauticare] [restartedMain] .e.DevToolsPropertyDefaultsPostProcessor : For additional web related logging consider setting the 'logging.level.web' property to 'DEBUG'
2025-06-23T23:28:29.874+05:30  INFO 11432 --- [rosebeauticare] [restartedMain] .s.d.r.c.RepositoryConfigurationDelegate : Bootstrapping Spring Data MongoDB repositories in DEFAULT mode.
2025-06-23T23:28:29.920+05:30  INFO 11432 --- [rosebeauticare] [restartedMain] .s.d.r.c.RepositoryConfigurationDelegate : Finished Spring Data repository scanning in 43 ms. Found 4 MongoDB repository interfaces.
2025-06-23T23:28:30.317+05:30  INFO 11432 --- [rosebeauticare] [restartedMain] o.s.b.w.embedded.tomcat.TomcatWebServer  : Tomcat initialized with port 8080 (http)
2025-06-23T23:28:30.328+05:30  INFO 11432 --- [rosebeauticare] [restartedMain] o.apache.catalina.core.StandardService   : Starting service [Tomcat]
2025-06-23T23:28:30.329+05:30  INFO 11432 --- [rosebeauticare] [restartedMain] o.apache.catalina.core.StandardEngine    : Starting Servlet engine: [Apache Tomcat/10.1.41]
2025-06-23T23:28:30.359+05:30  INFO 11432 --- [rosebeauticare] [restartedMain] o.a.c.c.C.[Tomcat].[localhost].[/]       : Initializing Spring embedded WebApplicationContext
2025-06-23T23:28:30.360+05:30  INFO 11432 --- [rosebeauticare] [restartedMain] w.s.c.ServletWebServerApplicationContext : Root WebApplicationContext: initialization completed in 929 ms
2025-06-23T23:28:30.408+05:30 DEBUG 11432 --- [rosebeauticare] [restartedMain] c.r.r.Security.JwtAuthenticationFilter   : Filter 'jwtAuthenticationFilter' configured for use
2025-06-23T23:28:30.560+05:30  INFO 11432 --- [rosebeauticare] [restartedMain] org.mongodb.driver.client                : MongoClient with metadata {"driver": {"name": "mongo-java-driver|sync|spring-boot", "version": "5.2.1"}, "os": {"type": "Windows", "name": "Windows 11", "architecture": "amd64", "version": "10.0"}, "platform": "Java/Oracle Corporation/17.0.12+8-LTS-286"} created with settings MongoClientSettings{readPreference=primary, writeConcern=WriteConcern{w=majority, wTimeout=null ms, journal=null}, retryWrites=true, retryReads=true, readConcern=ReadConcern{level=null}, credential=MongoCredential{mechanism=null, userName='rosebeauticare', source='admin', password=<hidden>, mechanismProperties=<hidden>}, transportSettings=null, commandListeners=[], codecRegistry=ProvidersCodecRegistry{codecProviders=[ValueCodecProvider{}, BsonValueCodecProvider{}, DBRefCodecProvider{}, DBObjectCodecProvider{}, DocumentCodecProvider{}, CollectionCodecProvider{}, IterableCodecProvider{}, MapCodecProvider{}, GeoJsonCodecProvider{}, GridFSFileCodecProvider{}, Jsr310CodecProvider{}, JsonObjectCodecProvider{}, BsonCodecProvider{}, EnumCodecProvider{}, com.mongodb.client.model.mql.ExpressionCodecProvider@799b9c74, com.mongodb.Jep395RecordCodecProvider@4455f895, com.mongodb.KotlinCodecProvider@4a055e46]}, loggerSettings=LoggerSettings{maxDocumentLength=1000}, clusterSettings={hosts=[127.0.0.1:27017], srvHost=rosebeauticare.jjndu3d.mongodb.net, srvServiceName=mongodb, mode=MULTIPLE, requiredClusterType=REPLICA_SET, requiredReplicaSetName='atlas-woiqe8-shard-0', serverSelector='null', clusterListeners='[]', serverSelectionTimeout='30000 ms', localThreshold='15 ms'}, socketSettings=SocketSettings{connectTimeoutMS=10000, readTimeoutMS=0, receiveBufferSize=0, proxySettings=ProxySettings{host=null, port=null, username=null, password=null}}, heartbeatSocketSettings=SocketSettings{connectTimeoutMS=10000, readTimeoutMS=10000, receiveBufferSize=0, proxySettings=ProxySettings{host=null, port=null, username=null, password=null}}, connectionPoolSettings=ConnectionPoolSettings{maxSize=100, minSize=0, maxWaitTimeMS=120000, maxConnectionLifeTimeMS=0, maxConnectionIdleTimeMS=0, maintenanceInitialDelayMS=0, maintenanceFrequencyMS=60000, connectionPoolListeners=[], maxConnecting=2}, serverSettings=ServerSettings{heartbeatFrequencyMS=10000, minHeartbeatFrequencyMS=500, serverMonitoringMode=AUTO, serverListeners='[]', serverMonitorListeners='[]'}, sslSettings=SslSettings{enabled=true, invalidHostNameAllowed=false, context=null}, applicationName='null', compressorList=[], uuidRepresentation=JAVA_LEGACY, serverApi=null, autoEncryptionSettings=null, dnsClient=null, inetAddressResolver=null, contextProvider=null, timeoutMS=null}
2025-06-23T23:28:30.575+05:30  INFO 11432 --- [rosebeauticare] [cluster-ClusterId{value='685995c6bda95232a4964fb2', description='null'}-srv-rosebeauticare.jjndu3d.mongodb.net] org.mongodb.driver.cluster               : Adding discovered server ac-h1gys6c-shard-00-00.jjndu3d.mongodb.net:27017 to client view of cluster
2025-06-23T23:28:30.598+05:30  INFO 11432 --- [rosebeauticare] [cluster-ClusterId{value='685995c6bda95232a4964fb2', description='null'}-srv-rosebeauticare.jjndu3d.mongodb.net] org.mongodb.driver.cluster               : Adding discovered server ac-h1gys6c-shard-00-01.jjndu3d.mongodb.net:27017 to client view of cluster
2025-06-23T23:28:30.601+05:30  INFO 11432 --- [rosebeauticare] [cluster-ClusterId{value='685995c6bda95232a4964fb2', description='null'}-srv-rosebeauticare.jjndu3d.mongodb.net] org.mongodb.driver.cluster               : Adding discovered server ac-h1gys6c-shard-00-02.jjndu3d.mongodb.net:27017 to client view of cluster
2025-06-23T23:28:30.686+05:30  INFO 11432 --- [rosebeauticare] [restartedMain] o.s.b.d.a.OptionalLiveReloadServer       : LiveReload server is running on port 35729
2025-06-23T23:28:30.942+05:30  INFO 11432 --- [rosebeauticare] [restartedMain] r$InitializeUserDetailsManagerConfigurer : Global AuthenticationManager configured with UserDetailsService bean with name userDetailsServiceImpl
2025-06-23T23:28:31.023+05:30  INFO 11432 --- [rosebeauticare] [cluster-ClusterId{value='685995c6bda95232a4964fb2', description='null'}-ac-h1gys6c-shard-00-01.jjndu3d.mongodb.net:27017] org.mongodb.driver.cluster               : Monitor thread successfully connected to server with description ServerDescription{address=ac-h1gys6c-shard-00-01.jjndu3d.mongodb.net:27017, type=REPLICA_SET_PRIMARY, cryptd=false, state=CONNECTED, ok=true, minWireVersion=0, maxWireVersion=25, maxDocumentSize=16777216, logicalSessionTimeoutMinutes=30, roundTripTimeNanos=212354200, minRoundTripTimeNanos=0, setName='atlas-woiqe8-shard-0', canonicalAddress=ac-h1gys6c-shard-00-01.jjndu3d.mongodb.net:27017, hosts=[ac-h1gys6c-shard-00-00.jjndu3d.mongodb.net:27017, ac-h1gys6c-shard-00-01.jjndu3d.mongodb.net:27017, ac-h1gys6c-shard-00-02.jjndu3d.mongodb.net:27017], passives=[], arbiters=[], primary='ac-h1gys6c-shard-00-01.jjndu3d.mongodb.net:27017', tagSet=TagSet{[Tag{name='availabilityZone', value='aps1-az3'}, Tag{name='diskState', value='READY'}, Tag{name='nodeType', value='ELECTABLE'}, Tag{name='provider', value='AWS'}, Tag{name='region', value='AP_SOUTH_1'}, Tag{name='workloadType', value='OPERATIONAL'}]}, electionId=7fffffff0000000000000035, setVersion=22, topologyVersion=TopologyVersion{processId=6852862286fc46b13122995e, counter=9}, lastWriteDate=Mon Jun 23 23:28:31 IST 2025, lastUpdateTimeNanos=43138880681700}
2025-06-23T23:28:31.023+05:30  INFO 11432 --- [rosebeauticare] [cluster-ClusterId{value='685995c6bda95232a4964fb2', description='null'}-ac-h1gys6c-shard-00-02.jjndu3d.mongodb.net:27017] org.mongodb.driver.cluster               : Monitor thread successfully connected to server with description ServerDescription{address=ac-h1gys6c-shard-00-02.jjndu3d.mongodb.net:27017, type=REPLICA_SET_SECONDARY, cryptd=false, state=CONNECTED, ok=true, minWireVersion=0, maxWireVersion=25, maxDocumentSize=16777216, logicalSessionTimeoutMinutes=30, roundTripTimeNanos=211520500, minRoundTripTimeNanos=0, setName='atlas-woiqe8-shard-0', canonicalAddress=ac-h1gys6c-shard-00-02.jjndu3d.mongodb.net:27017, hosts=[ac-h1gys6c-shard-00-00.jjndu3d.mongodb.net:27017, ac-h1gys6c-shard-00-01.jjndu3d.mongodb.net:27017, ac-h1gys6c-shard-00-02.jjndu3d.mongodb.net:27017], passives=[], arbiters=[], primary='ac-h1gys6c-shard-00-01.jjndu3d.mongodb.net:27017', tagSet=TagSet{[Tag{name='availabilityZone', value='aps1-az2'}, Tag{name='diskState', value='READY'}, Tag{name='nodeType', value='ELECTABLE'}, Tag{name='provider', value='AWS'}, Tag{name='region', value='AP_SOUTH_1'}, Tag{name='workloadType', value='OPERATIONAL'}]}, electionId=null, setVersion=22, topologyVersion=TopologyVersion{processId=68528897bc07630d0d9fdd68, counter=5}, lastWriteDate=Mon Jun 23 23:28:31 IST 2025, lastUpdateTimeNanos=43138880681700}
2025-06-23T23:28:31.026+05:30  INFO 11432 --- [rosebeauticare] [cluster-ClusterId{value='685995c6bda95232a4964fb2', description='null'}-ac-h1gys6c-shard-00-01.jjndu3d.mongodb.net:27017] org.mongodb.driver.cluster               : Discovered replica set primary ac-h1gys6c-shard-00-01.jjndu3d.mongodb.net:27017 with max election id 7fffffff0000000000000035 and max set version 22
2025-06-23T23:28:31.056+05:30  INFO 11432 --- [rosebeauticare] [cluster-ClusterId{value='685995c6bda95232a4964fb2', description='null'}-ac-h1gys6c-shard-00-00.jjndu3d.mongodb.net:27017] org.mongodb.driver.cluster               : Monitor thread successfully connected to server with description ServerDescription{address=ac-h1gys6c-shard-00-00.jjndu3d.mongodb.net:27017, type=REPLICA_SET_SECONDARY, cryptd=false, state=CONNECTED, ok=true, minWireVersion=0, maxWireVersion=25, maxDocumentSize=16777216, logicalSessionTimeoutMinutes=30, roundTripTimeNanos=148834700, minRoundTripTimeNanos=0, setName='atlas-woiqe8-shard-0', canonicalAddress=ac-h1gys6c-shard-00-00.jjndu3d.mongodb.net:27017, hosts=[ac-h1gys6c-shard-00-00.jjndu3d.mongodb.net:27017, ac-h1gys6c-shard-00-01.jjndu3d.mongodb.net:27017, ac-h1gys6c-shard-00-02.jjndu3d.mongodb.net:27017], passives=[], arbiters=[], primary='ac-h1gys6c-shard-00-01.jjndu3d.mongodb.net:27017', tagSet=TagSet{[Tag{name='availabilityZone', value='aps1-az1'}, Tag{name='diskState', value='READY'}, Tag{name='nodeType', value='ELECTABLE'}, Tag{name='provider', value='AWS'}, Tag{name='region', value='AP_SOUTH_1'}, Tag{name='workloadType', value='OPERATIONAL'}]}, electionId=null, setVersion=22, topologyVersion=TopologyVersion{processId=6852872ffcc3c8a53b3dc2bc, counter=5}, lastWriteDate=Mon Jun 23 23:28:31 IST 2025, lastUpdateTimeNanos=43138914120500}
2025-06-23T23:28:31.174+05:30 DEBUG 11432 --- [rosebeauticare] [restartedMain] o.s.s.web.DefaultSecurityFilterChain     : Will secure any request with filters: DisableEncodeUrlFilter, WebAsyncManagerIntegrationFilter, SecurityContextHolderFilter, HeaderWriterFilter, CorsFilter, LogoutFilter, JwtAuthenticationFilter, RequestCacheAwareFilter, SecurityContextHolderAwareRequestFilter, AnonymousAuthenticationFilter, SessionManagementFilter, ExceptionTranslationFilter, AuthorizationFilter
2025-06-23T23:28:31.211+05:30  INFO 11432 --- [rosebeauticare] [restartedMain] o.s.v.b.OptionalValidatorFactoryBean     : Failed to set up a Bean Validation provider: jakarta.validation.NoProviderFoundException: Unable to create a Configuration, because no Jakarta Bean Validation provider could be found. Add a provider like Hibernate Validator (RI) to your classpath.
2025-06-23T23:28:31.329+05:30  INFO 11432 --- [rosebeauticare] [restartedMain] o.s.b.w.embedded.tomcat.TomcatWebServer  : Tomcat started on port 8080 (http) with context path '/'
2025-06-23T23:28:31.335+05:30  INFO 11432 --- [rosebeauticare] [restartedMain] c.r.r.RosebeauticareApplication          : Started RosebeauticareApplication in 2.291 seconds (process running for 2.536)
2025-06-23T23:28:37.137+05:30  INFO 11432 --- [rosebeauticare] [SpringApplicationShutdownHook] o.s.b.w.e.tomcat.GracefulShutdown        : Commencing graceful shutdown. Waiting for active requests to complete
2025-06-23T23:28:37.210+05:30  INFO 11432 --- [rosebeauticare] [tomcat-shutdown] o.s.b.w.e.tomcat.GracefulShutdown        : Graceful shutdown complete
